#
# A fatal error has been detected by the Java Runtime Environment:
#
#  SIGSEGV (0xb) at pc=0x000000011e536f37, pid=11641, tid=56067
#
# JRE version: Java(TM) SE Runtime Environment (7.0_75-b13) (build 1.7.0_75-b13)
# Java VM: Java HotSpot(TM) 64-Bit Server VM (24.75-b04 mixed mode bsd-amd64 compressed oops)
# Problematic frame:
# C  [libtesseract.dylib+0x7f37]  TessBaseAPIDelete+0xd
#
# Failed to write core dump. Core dumps have been disabled. To enable core dumping, try "ulimit -c unlimited" before starting Java again
#
# If you would like to submit a bug report, please visit:
#   http://bugreport.sun.com/bugreport/crash.jsp
# The crash happened outside the Java Virtual Machine in native code.
# See problematic frame for where to report the bug.
#

---------------  T H R E A D  ---------------

Current thread (0x00007fdbfc303000):  JavaThread "Dispatcher: Thread-23" [_thread_in_native, id=56067, stack(0x0000000120c57000,0x0000000120d57000)]

siginfo:si_signo=SIGSEGV: si_errno=0, si_code=0 (SEGV0), si_addr=0x0000000000000000

Registers:
RAX=0xffff00200048ffb0, RBX=0x0000000000000001, RCX=0x000000011a81594c, RDX=0x0000000120d542b0
RSP=0x0000000120d54338, RBP=0x0000000120d54340, RSI=0x0000000120d543e0, RDI=0x00007fdbfb7ea0e0
R8 =0x00007fdbfd9fc080, R9 =0x00007fdbfd9d8a50, R10=0x0000000120d54290, R11=0x000000011e536f2a
R12=0x0000000000000008, R13=0x0000000000000001, R14=0x0000000120d544c0, R15=0x0000000120d54470
RIP=0x000000011e536f37, EFLAGS=0x0000000000010202, ERR=0x0000000000000000
  TRAPNO=0x000000000000000d

Top of Stack: (sp=0x0000000120d54338)
0x0000000120d54338:   000000011a81594c 0000000000000000
0x0000000120d54348:   0000000120d54dc0 0000000120d54440
0x0000000120d54358:   000000011a815456 0000000120d54390
0x0000000120d54368:   000000011a814ebb 0000000000000000
0x0000000120d54378:   0000000120d543f0 0000000120d54530
0x0000000120d54388:   0000000120d54404 0000000120d54400
0x0000000120d54398:   0000000120d543f0 0000000120d54450
0x0000000120d543a8:   0000000120d54dc0 000000011e536f2a
0x0000000120d543b8:   0000000120d54530 0000000120d54290
0x0000000120d543c8:   0000000120d54340 0000000000000001
0x0000000120d543d8:   0000000100000001 0000000120d54290
0x0000000120d543e8:   0000000100000000 0000000000000001
0x0000000120d543f8:   0000000120d54530 0000000100000000
0x0000000120d54408:   3a004c44c6a7ecd1 0000000120d54458
0x0000000120d54418:   0000000120d54530 0000000120d544c8
0x0000000120d54428:   00007fdbfc3031e8 0000000120d54458
0x0000000120d54438:   0000000120d54478 0000000120d54db0
0x0000000120d54448:   000000011a80c2f5 0000000120d544c0
0x0000000120d54458:   0000000120d543c0 0000000120d543e0
0x0000000120d54468:   0000000120d54400 000000011a817dd0
0x0000000120d54478:   00007fdbfc3031e8 0000000120d544b0
0x0000000120d54488:   000000010caf9e5a 0000000000000001
0x0000000120d54498:   00007fdbfc3031e8 0000000120d544d0
0x0000000120d544a8:   000000010caf9e5a 00007fdbfc303000
0x0000000120d544b8:   000000077bbe61f0 00007fdbfb7ea0e0
0x0000000120d544c8:   00007fdbfc303000 0000000120d54db0
0x0000000120d544d8:   000000011a80bda5 0000000120d54da0
0x0000000120d544e8:   0000000120d54450 0000000120d54470
0x0000000120d544f8:   0000000120d54490 0000000120d54dc0
0x0000000120d54508:   000000011a817cb0 0000000120d54e60
0x0000000120d54518:   0000000020d54450 000000011e536f2a
0x0000000120d54528:   0000000100000001 0000000100000002 

Instructions: (pc=0x000000011e536f37)
0x000000011e536f17:   49 89 c6 48 89 df e8 fc b1 15 00 4c 89 f7 e8 2a
0x000000011e536f27:   b2 15 00 55 48 89 e5 48 85 ff 74 07 48 8b 07 5d
0x000000011e536f37:   ff 60 08 5d c3 55 48 89 e5 5d e9 a4 9d ff ff 55
0x000000011e536f47:   48 89 e5 5d e9 00 9e ff ff 55 48 89 e5 e8 5d 9e 

Register to memory mapping:

RAX=0xffff00200048ffb0 is an unknown value
RBX=0x0000000000000001 is an unknown value
RCX=0x000000011a81594c: ffi_call_unix64+0x4c in /private/var/folders/p3/t2vngfwj55q8lq51rw7rc7yc0000gn/T/jna--1711414736/jna4155364704688452302.tmp at 0x000000011a808000
RDX=0x0000000120d542b0 is pointing into the stack for thread: 0x00007fdbfc303000
RSP=0x0000000120d54338 is pointing into the stack for thread: 0x00007fdbfc303000
RBP=0x0000000120d54340 is pointing into the stack for thread: 0x00007fdbfc303000
RSI=0x0000000120d543e0 is pointing into the stack for thread: 0x00007fdbfc303000
RDI=0x00007fdbfb7ea0e0 is an unknown value
R8 =0x00007fdbfd9fc080 is an unknown value
R9 =0x00007fdbfd9d8a50 is an unknown value
R10=0x0000000120d54290 is pointing into the stack for thread: 0x00007fdbfc303000
R11=0x000000011e536f2a: TessBaseAPIDelete+0 in /usr/local/lib/libtesseract.dylib at 0x000000011e52f000
R12=0x0000000000000008 is an unknown value
R13=0x0000000000000001 is an unknown value
R14=0x0000000120d544c0 is pointing into the stack for thread: 0x00007fdbfc303000
R15=0x0000000120d54470 is pointing into the stack for thread: 0x00007fdbfc303000


Stack: [0x0000000120c57000,0x0000000120d57000],  sp=0x0000000120d54338,  free space=1012k
Native frames: (J=compiled Java code, j=interpreted, Vv=VM code, C=native code)
C  [libtesseract.dylib+0x7f37]  TessBaseAPIDelete+0xd

Java frames: (J=compiled Java code, j=interpreted, Vv=VM code)
j  com.sun.jna.Native.invokeVoid(JI[Ljava/lang/Object;)V+0
j  com.sun.jna.Function.invoke([Ljava/lang/Object;Ljava/lang/Class;Z)Ljava/lang/Object;+30
j  com.sun.jna.Function.invoke(Ljava/lang/Class;[Ljava/lang/Object;Ljava/util/Map;)Ljava/lang/Object;+262
j  com.sun.jna.Library$Handler.invoke(Ljava/lang/Object;Ljava/lang/reflect/Method;[Ljava/lang/Object;)Ljava/lang/Object;+316
j  com.sun.proxy.$Proxy10.TessBaseAPIDelete(Lnet/sourceforge/tess4j/ITessAPI$TessBaseAPI;)V+16
j  net.sourceforge.tess4j.Tesseract.dispose()V+8
j  net.sourceforge.tess4j.Tesseract.doOCR(Ljava/util/List;Ljava/awt/Rectangle;)Ljava/lang/String;+126
j  net.sourceforge.tess4j.Tesseract.doOCR(Ljava/io/File;Ljava/awt/Rectangle;)Ljava/lang/String;+6
j  net.sourceforge.tess4j.Tesseract.doOCR(Ljava/io/File;)Ljava/lang/String;+3
j  cz.kinst.jakub.diploma.offloadableocr.java.offloading.OCR.recognizeText(Ljava/io/File;)Ljava/lang/String;+6
j  cz.kinst.jakub.diploma.offloadableocr.java.offloading.OCRBackendImpl.recognize(Lorg/restlet/representation/Representation;)Lcz/kinst/jakub/diploma/offloadableocr/java/offloading/OCRResult;+105
v  ~StubRoutines::call_stub
j  sun.reflect.NativeMethodAccessorImpl.invoke0(Ljava/lang/reflect/Method;Ljava/lang/Object;[Ljava/lang/Object;)Ljava/lang/Object;+0
j  sun.reflect.NativeMethodAccessorImpl.invoke(Ljava/lang/Object;[Ljava/lang/Object;)Ljava/lang/Object;+87
j  sun.reflect.DelegatingMethodAccessorImpl.invoke(Ljava/lang/Object;[Ljava/lang/Object;)Ljava/lang/Object;+6
j  java.lang.reflect.Method.invoke(Ljava/lang/Object;[Ljava/lang/Object;)Ljava/lang/Object;+57
j  org.restlet.resource.ServerResource.doHandle(Lorg/restlet/engine/resource/MethodAnnotationInfo;Lorg/restlet/representation/Variant;)Lorg/restlet/representation/Representation;+166
j  org.restlet.resource.ServerResource.post(Lorg/restlet/representation/Representation;Lorg/restlet/representation/Variant;)Lorg/restlet/representation/Representation;+18
j  org.restlet.resource.ServerResource.doHandle(Lorg/restlet/representation/Variant;)Lorg/restlet/representation/Representation;+126
j  org.restlet.resource.ServerResource.doNegotiatedHandle()Lorg/restlet/representation/Representation;+55
j  org.restlet.resource.ServerResource.doConditionalHandle()Lorg/restlet/representation/Representation;+297
j  org.restlet.resource.ServerResource.handle()Lorg/restlet/representation/Representation;+37
j  org.restlet.resource.Finder.handle(Lorg/restlet/Request;Lorg/restlet/Response;)V+101
j  org.restlet.routing.Filter.doHandle(Lorg/restlet/Request;Lorg/restlet/Response;)I+15
j  org.restlet.routing.Filter.handle(Lorg/restlet/Request;Lorg/restlet/Response;)V+43
j  org.restlet.routing.Router.doHandle(Lorg/restlet/Restlet;Lorg/restlet/Request;Lorg/restlet/Response;)V+3
j  org.restlet.routing.Router.handle(Lorg/restlet/Request;Lorg/restlet/Response;)V+21
j  org.restlet.routing.Filter.doHandle(Lorg/restlet/Request;Lorg/restlet/Response;)I+15
j  org.restlet.routing.Filter.handle(Lorg/restlet/Request;Lorg/restlet/Response;)V+43
j  org.restlet.routing.Router.doHandle(Lorg/restlet/Restlet;Lorg/restlet/Request;Lorg/restlet/Response;)V+3
j  org.restlet.routing.Router.handle(Lorg/restlet/Request;Lorg/restlet/Response;)V+21
j  org.restlet.routing.Filter.doHandle(Lorg/restlet/Request;Lorg/restlet/Response;)I+15
j  org.restlet.routing.Filter.handle(Lorg/restlet/Request;Lorg/restlet/Response;)V+43
j  org.restlet.routing.Router.doHandle(Lorg/restlet/Restlet;Lorg/restlet/Request;Lorg/restlet/Response;)V+3
j  org.restlet.routing.Router.handle(Lorg/restlet/Request;Lorg/restlet/Response;)V+21
j  org.restlet.routing.Filter.doHandle(Lorg/restlet/Request;Lorg/restlet/Response;)I+15
j  org.restlet.engine.application.StatusFilter.doHandle(Lorg/restlet/Request;Lorg/restlet/Response;)I+3
j  org.restlet.routing.Filter.handle(Lorg/restlet/Request;Lorg/restlet/Response;)V+43
j  org.restlet.routing.Filter.doHandle(Lorg/restlet/Request;Lorg/restlet/Response;)I+15
j  org.restlet.routing.Filter.handle(Lorg/restlet/Request;Lorg/restlet/Response;)V+43
j  org.restlet.engine.CompositeHelper.handle(Lorg/restlet/Request;Lorg/restlet/Response;)V+19
j  org.restlet.Component.handle(Lorg/restlet/Request;Lorg/restlet/Response;)V+19
j  org.restlet.Server.handle(Lorg/restlet/Request;Lorg/restlet/Response;)V+19
j  org.restlet.engine.connector.ServerHelper.handle(Lorg/restlet/Request;Lorg/restlet/Response;)V+15
j  org.restlet.engine.adapter.HttpServerHelper.handle(Lorg/restlet/engine/adapter/ServerCall;)V+22
j  org.restlet.ext.simple.internal.SimpleContainer.handle(Lorg/simpleframework/http/Request;Lorg/simpleframework/http/Response;)V+30
j  org.simpleframework.http.core.Dispatcher.dispatch()V+24
j  org.simpleframework.http.core.Dispatcher.run()V+1
j  java.util.concurrent.ThreadPoolExecutor.runWorker(Ljava/util/concurrent/ThreadPoolExecutor$Worker;)V+95
j  java.util.concurrent.ThreadPoolExecutor$Worker.run()V+5
j  java.lang.Thread.run()V+11
v  ~StubRoutines::call_stub

---------------  P R O C E S S  ---------------

Java Threads: ( => current thread )
=>0x00007fdbfc303000 JavaThread "Dispatcher: Thread-23" [_thread_in_native, id=56067, stack(0x0000000120c57000,0x0000000120d57000)]
  0x00007fdbfbb6d800 JavaThread "Notifier: Thread-22" [_thread_blocked, id=55555, stack(0x00000001207d1000,0x00000001208d1000)]
  0x00007fdbfba03800 JavaThread "Dispatcher: Thread-21" [_thread_blocked, id=55043, stack(0x00000001206ce000,0x00000001207ce000)]
  0x00007fdbfba02000 JavaThread "Notifier: Thread-20" [_thread_blocked, id=26635, stack(0x000000011a2f2000,0x000000011a3f2000)]
  0x00007fdbfb9fc000 JavaThread "Dispatcher: Thread-19" [_thread_blocked, id=54535, stack(0x00000001205cb000,0x00000001206cb000)]
  0x00007fdbfb9fd800 JavaThread "Reader: Thread-18" [_thread_blocked, id=39187, stack(0x00000001204c8000,0x00000001205c8000)]
  0x00007fdbfc97d000 JavaThread "Notifier: Thread-17" [_thread_blocked, id=24327, stack(0x00000001203c5000,0x00000001204c5000)]
  0x00007fdbfc056800 JavaThread "Reader: Thread-16" [_thread_blocked, id=54019, stack(0x00000001202c2000,0x00000001203c2000)]
  0x00007fdbfb958000 JavaThread "Dispatcher: Thread-15" [_thread_blocked, id=53507, stack(0x00000001201bf000,0x00000001202bf000)]
  0x00007fdbfc309800 JavaThread "Reader: Thread-14" [_thread_blocked, id=52995, stack(0x00000001200bc000,0x00000001201bc000)]
  0x00007fdbfd19d000 JavaThread "Reader: Thread-13" [_thread_blocked, id=20255, stack(0x0000000119a24000,0x0000000119b24000)]
  0x00007fdbfc2f1000 JavaThread "Dispatcher: Thread-12" [_thread_blocked, id=52491, stack(0x000000011ffb9000,0x00000001200b9000)]
  0x00007fdbfd1a0000 JavaThread "Reader: Thread-11" [_thread_blocked, id=51987, stack(0x000000011feb6000,0x000000011ffb6000)]
  0x00007fdbfb8c5800 JavaThread "Notifier: Thread-10" [_thread_blocked, id=32271, stack(0x000000011fdb3000,0x000000011feb3000)]
  0x00007fdbfd1b4000 JavaThread "Java2D Disposer" daemon [_thread_blocked, id=27719, stack(0x000000011e42d000,0x000000011e52d000)]
  0x00007fdbfc03b000 JavaThread "AWT-AppKit" daemon [_thread_in_native, id=1811, stack(0x00007fff5348e000,0x00007fff5350e000)]
  0x00007fdbfc272000 JavaThread "DestroyJavaVM" [_thread_blocked, id=5379, stack(0x000000010d269000,0x000000010d369000)]
  0x00007fdbfc20f000 JavaThread "ActionDistributor: Thread-8" [_thread_in_native, id=23043, stack(0x000000011a13b000,0x000000011a23b000)]
  0x00007fdbfca81000 JavaThread "ActionDistributor: Thread-6" [_thread_in_native, id=22531, stack(0x000000011a038000,0x000000011a138000)]
  0x00007fdbfb903800 JavaThread "ActionDistributor: Thread-5" [_thread_in_native, id=22019, stack(0x0000000119f35000,0x000000011a035000)]
  0x00007fdbfb903000 JavaThread "FileManager: Thread-4" [_thread_blocked, id=21507, stack(0x0000000119e32000,0x0000000119f32000)]
  0x00007fdbfc20e800 JavaThread "Thread-2" [_thread_blocked, id=20995, stack(0x0000000119d2f000,0x0000000119e2f000)]
  0x00007fdbfb9d2000 JavaThread "Thread-3" [_thread_in_native, id=20743, stack(0x0000000119c2c000,0x0000000119d2c000)]
  0x00007fdbfc96a800 JavaThread "EMF Reference Cleaner" daemon [_thread_blocked, id=18947, stack(0x00000001195c0000,0x00000001196c0000)]
  0x00007fdbfc02e000 JavaThread "Service Thread" daemon [_thread_blocked, id=17923, stack(0x0000000118f7b000,0x000000011907b000)]
  0x00007fdbfb863000 JavaThread "C2 CompilerThread1" daemon [_thread_blocked, id=17411, stack(0x0000000118e78000,0x0000000118f78000)]
  0x00007fdbfb861800 JavaThread "C2 CompilerThread0" daemon [_thread_blocked, id=16899, stack(0x0000000118d75000,0x0000000118e75000)]
  0x00007fdbfb861000 JavaThread "Signal Dispatcher" daemon [_thread_blocked, id=13847, stack(0x0000000118c72000,0x0000000118d72000)]
  0x00007fdbfc00d800 JavaThread "Finalizer" daemon [_thread_blocked, id=12035, stack(0x0000000117342000,0x0000000117442000)]
  0x00007fdbfc810000 JavaThread "Reference Handler" daemon [_thread_blocked, id=11523, stack(0x000000011723f000,0x000000011733f000)]

Other Threads:
  0x00007fdbfb848800 VMThread [stack: 0x000000011713c000,0x000000011723c000] [id=11011]
  0x00007fdbfc02f000 WatcherThread [stack: 0x000000011907e000,0x000000011917e000] [id=18435]

VM state:not at safepoint (normal execution)

VM Mutex/Monitor currently owned by a thread: None

Heap
 PSYoungGen      total 119296K, used 35403K [0x00000007d5500000, 0x00000007df580000, 0x0000000800000000)
  eden space 85504K, 41% used [0x00000007d5500000,0x00000007d7792dd0,0x00000007da880000)
  from space 33792K, 0% used [0x00000007dcd00000,0x00000007dcd00000,0x00000007dee00000)
  to   space 37376K, 0% used [0x00000007da880000,0x00000007da880000,0x00000007dcd00000)
 ParOldGen       total 96256K, used 22784K [0x0000000780000000, 0x0000000785e00000, 0x00000007d5500000)
  object space 96256K, 23% used [0x0000000780000000,0x00000007816401a8,0x0000000785e00000)
 PSPermGen       total 39936K, used 17747K [0x000000077ae00000, 0x000000077d500000, 0x0000000780000000)
  object space 39936K, 44% used [0x000000077ae00000,0x000000077bf54ec0,0x000000077d500000)

Card table byte_map: [0x0000000110cc0000,0x00000001110ea000] byte_map_base: 0x000000010d0e9000

Polling page: 0x000000010d3a8000

Code Cache  [0x000000010dc00000, 0x000000010de70000, 0x0000000110c00000)
 total_blobs=672 nmethods=286 adapters=340 free_code_cache=47955Kb largest_free_block=49073408

Compilation events (10 events):
Event: 71.402 Thread 0x00007fdbfb863000  294             sun.awt.image.ByteComponentRaster::verify (566 bytes)
Event: 71.407 Thread 0x00007fdbfb863000 nmethod 294 0x000000010dd1e690 code [0x000000010dd1e800, 0x000000010dd1ec18]
Event: 71.444 Thread 0x00007fdbfb861800  295             java.awt.image.SampleModel::getNumBands (5 bytes)
Event: 71.444 Thread 0x00007fdbfb861800 nmethod 295 0x000000010dd1e490 code [0x000000010dd1e5c0, 0x000000010dd1e618]
Event: 71.456 Thread 0x00007fdbfb863000  297             javax.imageio.stream.FileCacheImageOutputStream::flushBefore (105 bytes)
Event: 71.528 Thread 0x00007fdbfb863000 nmethod 297 0x000000010dd237d0 code [0x000000010dd23960, 0x000000010dd23c80]
Event: 71.812 Thread 0x00007fdbfb861800  298             org.eclipse.emf.ecore.util.EcoreEList::newData (12 bytes)
Event: 71.813 Thread 0x00007fdbfb861800 nmethod 298 0x000000010dd23390 code [0x000000010dd234e0, 0x000000010dd23658]
Event: 72.726 Thread 0x00007fdbfb863000  299             java.util.AbstractSequentialList::<init> (5 bytes)
Event: 72.726 Thread 0x00007fdbfb863000 nmethod 299 0x000000010dd1de90 code [0x000000010dd1dfc0, 0x000000010dd1e018]

GC Heap History (10 events):
Event: 64.944 GC heap before
{Heap before GC invocations=6 (full 0):
 PSYoungGen      total 38912K, used 32434K [0x00000007d5500000, 0x00000007da300000, 0x0000000800000000)
  eden space 33792K, 84% used [0x00000007d5500000,0x00000007d70d0430,0x00000007d7600000)
  from space 5120K, 77% used [0x00000007d7600000,0x00000007d79dc410,0x00000007d7b00000)
  to   space 6144K, 0% used [0x00000007d9d00000,0x00000007d9d00000,0x00000007da300000)
 ParOldGen       total 87040K, used 28427K [0x0000000780000000, 0x0000000785500000, 0x00000007d5500000)
  object space 87040K, 32% used [0x0000000780000000,0x0000000781bc2c80,0x0000000785500000)
 PSPermGen       total 21504K, used 17716K [0x000000077ae00000, 0x000000077c300000, 0x0000000780000000)
  object space 21504K, 82% used [0x000000077ae00000,0x000000077bf4d1f0,0x000000077c300000)
Event: 64.971 GC heap after
Heap after GC invocations=6 (full 0):
 PSYoungGen      total 51200K, used 6112K [0x00000007d5500000, 0x00000007dcf00000, 0x0000000800000000)
  eden space 45056K, 0% used [0x00000007d5500000,0x00000007d5500000,0x00000007d8100000)
  from space 6144K, 99% used [0x00000007d9d00000,0x00000007da2f8010,0x00000007da300000)
  to   space 28672K, 0% used [0x00000007d8100000,0x00000007d8100000,0x00000007d9d00000)
 ParOldGen       total 87040K, used 67147K [0x0000000780000000, 0x0000000785500000, 0x00000007d5500000)
  object space 87040K, 77% used [0x0000000780000000,0x0000000784192d38,0x0000000785500000)
 PSPermGen       total 21504K, used 17716K [0x000000077ae00000, 0x000000077c300000, 0x0000000780000000)
  object space 21504K, 82% used [0x000000077ae00000,0x000000077bf4d1f0,0x000000077c300000)
}
Event: 64.971 GC heap before
{Heap before GC invocations=7 (full 1):
 PSYoungGen      total 51200K, used 6112K [0x00000007d5500000, 0x00000007dcf00000, 0x0000000800000000)
  eden space 45056K, 0% used [0x00000007d5500000,0x00000007d5500000,0x00000007d8100000)
  from space 6144K, 99% used [0x00000007d9d00000,0x00000007da2f8010,0x00000007da300000)
  to   space 28672K, 0% used [0x00000007d8100000,0x00000007d8100000,0x00000007d9d00000)
 ParOldGen       total 87040K, used 67147K [0x0000000780000000, 0x0000000785500000, 0x00000007d5500000)
  object space 87040K, 77% used [0x0000000780000000,0x0000000784192d38,0x0000000785500000)
 PSPermGen       total 21504K, used 17716K [0x000000077ae00000, 0x000000077c300000, 0x0000000780000000)
  object space 21504K, 82% used [0x000000077ae00000,0x000000077bf4d1f0,0x000000077c300000)
Event: 65.043 GC heap after
Heap after GC invocations=7 (full 1):
 PSYoungGen      total 51200K, used 0K [0x00000007d5500000, 0x00000007dcf00000, 0x0000000800000000)
  eden space 45056K, 0% used [0x00000007d5500000,0x00000007d5500000,0x00000007d8100000)
  from space 6144K, 0% used [0x00000007d9d00000,0x00000007d9d00000,0x00000007da300000)
  to   space 28672K, 0% used [0x00000007d8100000,0x00000007d8100000,0x00000007d9d00000)
 ParOldGen       total 97792K, used 27135K [0x0000000780000000, 0x0000000785f80000, 0x00000007d5500000)
  object space 97792K, 27% used [0x0000000780000000,0x0000000781a7fd68,0x0000000785f80000)
 PSPermGen       total 35840K, used 17708K [0x000000077ae00000, 0x000000077d100000, 0x0000000780000000)
  object space 35840K, 49% used [0x000000077ae00000,0x000000077bf4b188,0x000000077d100000)
}
Event: 71.249 GC heap before
{Heap before GC invocations=8 (full 1):
 PSYoungGen      total 51200K, used 45056K [0x00000007d5500000, 0x00000007dcf00000, 0x0000000800000000)
  eden space 45056K, 100% used [0x00000007d5500000,0x00000007d8100000,0x00000007d8100000)
  from space 6144K, 0% used [0x00000007d9d00000,0x00000007d9d00000,0x00000007da300000)
  to   space 28672K, 0% used [0x00000007d8100000,0x00000007d8100000,0x00000007d9d00000)
 ParOldGen       total 97792K, used 27135K [0x0000000780000000, 0x0000000785f80000, 0x00000007d5500000)
  object space 97792K, 27% used [0x0000000780000000,0x0000000781a7fd68,0x0000000785f80000)
 PSPermGen       total 35840K, used 17726K [0x000000077ae00000, 0x000000077d100000, 0x0000000780000000)
  object space 35840K, 49% used [0x000000077ae00000,0x000000077bf4fb00,0x000000077d100000)
Event: 71.267 GC heap after
Heap after GC invocations=8 (full 1):
 PSYoungGen      total 73728K, used 26266K [0x00000007d5500000, 0x00000007dee00000, 0x0000000800000000)
  eden space 45056K, 0% used [0x00000007d5500000,0x00000007d5500000,0x00000007d8100000)
  from space 28672K, 91% used [0x00000007d8100000,0x00000007d9aa6b10,0x00000007d9d00000)
  to   space 33792K, 0% used [0x00000007dcd00000,0x00000007dcd00000,0x00000007dee00000)
 ParOldGen       total 97792K, used 45567K [0x0000000780000000, 0x0000000785f80000, 0x00000007d5500000)
  object space 97792K, 46% used [0x0000000780000000,0x0000000782c7fd88,0x0000000785f80000)
 PSPermGen       total 35840K, used 17726K [0x000000077ae00000, 0x000000077d100000, 0x0000000780000000)
  object space 35840K, 49% used [0x000000077ae00000,0x000000077bf4fb00,0x000000077d100000)
}
Event: 71.458 GC heap before
{Heap before GC invocations=9 (full 1):
 PSYoungGen      total 73728K, used 70625K [0x00000007d5500000, 0x00000007dee00000, 0x0000000800000000)
  eden space 45056K, 98% used [0x00000007d5500000,0x00000007d8051ae8,0x00000007d8100000)
  from space 28672K, 91% used [0x00000007d8100000,0x00000007d9aa6b10,0x00000007d9d00000)
  to   space 33792K, 0% used [0x00000007dcd00000,0x00000007dcd00000,0x00000007dee00000)
 ParOldGen       total 97792K, used 45567K [0x0000000780000000, 0x0000000785f80000, 0x00000007d5500000)
  object space 97792K, 46% used [0x0000000780000000,0x0000000782c7fd88,0x0000000785f80000)
 PSPermGen       total 35840K, used 17745K [0x000000077ae00000, 0x000000077d100000, 0x0000000780000000)
  object space 35840K, 49% used [0x000000077ae00000,0x000000077bf545a0,0x000000077d100000)
Event: 71.476 GC heap after
Heap after GC invocations=9 (full 1):
 PSYoungGen      total 119296K, used 26842K [0x00000007d5500000, 0x00000007df580000, 0x0000000800000000)
  eden space 85504K, 0% used [0x00000007d5500000,0x00000007d5500000,0x00000007da880000)
  from space 33792K, 79% used [0x00000007dcd00000,0x00000007de736b20,0x00000007dee00000)
  to   space 37376K, 0% used [0x00000007da880000,0x00000007da880000,0x00000007dcd00000)
 ParOldGen       total 97792K, used 63999K [0x0000000780000000, 0x0000000785f80000, 0x00000007d5500000)
  object space 97792K, 65% used [0x0000000780000000,0x0000000783e7fda8,0x0000000785f80000)
 PSPermGen       total 35840K, used 17745K [0x000000077ae00000, 0x000000077d100000, 0x0000000780000000)
  object space 35840K, 49% used [0x000000077ae00000,0x000000077bf545a0,0x000000077d100000)
}
Event: 71.476 GC heap before
{Heap before GC invocations=10 (full 2):
 PSYoungGen      total 119296K, used 26842K [0x00000007d5500000, 0x00000007df580000, 0x0000000800000000)
  eden space 85504K, 0% used [0x00000007d5500000,0x00000007d5500000,0x00000007da880000)
  from space 33792K, 79% used [0x00000007dcd00000,0x00000007de736b20,0x00000007dee00000)
  to   space 37376K, 0% used [0x00000007da880000,0x00000007da880000,0x00000007dcd00000)
 ParOldGen       total 97792K, used 63999K [0x0000000780000000, 0x0000000785f80000, 0x00000007d5500000)
  object space 97792K, 65% used [0x0000000780000000,0x0000000783e7fda8,0x0000000785f80000)
 PSPermGen       total 35840K, used 17745K [0x000000077ae00000, 0x000000077d100000, 0x0000000780000000)
  object space 35840K, 49% used [0x000000077ae00000,0x000000077bf545a0,0x000000077d100000)
Event: 71.524 GC heap after
Heap after GC invocations=10 (full 2):
 PSYoungGen      total 119296K, used 0K [0x00000007d5500000, 0x00000007df580000, 0x0000000800000000)
  eden space 85504K, 0% used [0x00000007d5500000,0x00000007d5500000,0x00000007da880000)
  from space 33792K, 0% used [0x00000007dcd00000,0x00000007dcd00000,0x00000007dee00000)
  to   space 37376K, 0% used [0x00000007da880000,0x00000007da880000,0x00000007dcd00000)
 ParOldGen       total 96256K, used 22784K [0x0000000780000000, 0x0000000785e00000, 0x00000007d5500000)
  object space 96256K, 23% used [0x0000000780000000,0x00000007816401a8,0x0000000785e00000)
 PSPermGen       total 39936K, used 17745K [0x000000077ae00000, 0x000000077d500000, 0x0000000780000000)
  object space 39936K, 44% used [0x000000077ae00000,0x000000077bf54480,0x000000077d500000)
}

Deoptimization events (10 events):
Event: 48.195 Thread 0x00007fdbfc2f1000 Uncommon trap: reason=class_check action=maybe_recompile pc=0x000000010dcd5a04 method=java.lang.StringBuilder.append(Ljava/lang/CharSequence;)Ljava/lang/StringBuilder; @ 8
Event: 48.195 Thread 0x00007fdbfc2f1000 Uncommon trap: reason=class_check action=maybe_recompile pc=0x000000010dca8158 method=java.util.regex.Pattern$BmpCharProperty.match(Ljava/util/regex/Matcher;ILjava/lang/CharSequence;)Z @ 31
Event: 50.002 Thread 0x00007fdbfb958000 Uncommon trap: reason=class_check action=maybe_recompile pc=0x000000010dca8158 method=java.util.regex.Pattern$BmpCharProperty.match(Ljava/util/regex/Matcher;ILjava/lang/CharSequence;)Z @ 31
Event: 50.002 Thread 0x00007fdbfb958000 Uncommon trap: reason=class_check action=maybe_recompile pc=0x000000010dca8158 method=java.util.regex.Pattern$BmpCharProperty.match(Ljava/util/regex/Matcher;ILjava/lang/CharSequence;)Z @ 31
Event: 50.004 Thread 0x00007fdbfb958000 Uncommon trap: reason=class_check action=maybe_recompile pc=0x000000010dcd0810 method=java.util.regex.Pattern$BmpCharProperty.match(Ljava/util/regex/Matcher;ILjava/lang/CharSequence;)Z @ 31
Event: 62.201 Thread 0x00007fdbfb9fc000 Uncommon trap: reason=bimorphic action=maybe_recompile pc=0x000000010dd0ca38 method=java.util.regex.Pattern$Curly.match0(Ljava/util/regex/Matcher;IILjava/lang/CharSequence;)Z @ 31
Event: 62.201 Thread 0x00007fdbfb9fc000 Uncommon trap: reason=bimorphic action=maybe_recompile pc=0x000000010dd0ca38 method=java.util.regex.Pattern$Curly.match0(Ljava/util/regex/Matcher;IILjava/lang/CharSequence;)Z @ 31
Event: 62.201 Thread 0x00007fdbfb9fc000 Uncommon trap: reason=bimorphic action=maybe_recompile pc=0x000000010dd0ca38 method=java.util.regex.Pattern$Curly.match0(Ljava/util/regex/Matcher;IILjava/lang/CharSequence;)Z @ 31
Event: 62.201 Thread 0x00007fdbfb9fc000 Uncommon trap: reason=bimorphic action=maybe_recompile pc=0x000000010dd0ca38 method=java.util.regex.Pattern$Curly.match0(Ljava/util/regex/Matcher;IILjava/lang/CharSequence;)Z @ 31
Event: 64.130 Thread 0x00007fdbfc20e800 Uncommon trap: reason=null_check action=make_not_entrant pc=0x000000010dd1548c method=com.rits.cloning.Cloner.fastClone(Ljava/lang/Object;Ljava/util/Map;)Ljava/lang/Object; @ 15

Internal exceptions (10 events):
Event: 64.520 Thread 0x00007fdbfba03800 Threw 0x00000007d6eaad18 at /HUDSON/workspace/7u-2-build-macosx-x86_64/jdk7u75/1940/hotspot/src/share/vm/prims/jvm.cpp:1281
Event: 64.521 Thread 0x00007fdbfba03800 Threw 0x00000007d6ebb4f0 at /HUDSON/workspace/7u-2-build-macosx-x86_64/jdk7u75/1940/hotspot/src/share/vm/prims/jvm.cpp:1281
Event: 64.522 Thread 0x00007fdbfba03800 Threw 0x00000007d6ec2cb0 at /HUDSON/workspace/7u-2-build-macosx-x86_64/jdk7u75/1940/hotspot/src/share/vm/prims/jvm.cpp:1281
Event: 64.523 Thread 0x00007fdbfba03800 Threw 0x00000007d6ecb430 at /HUDSON/workspace/7u-2-build-macosx-x86_64/jdk7u75/1940/hotspot/src/share/vm/prims/jvm.cpp:1281
Event: 66.130 Thread 0x00007fdbfba03800 Threw 0x00000007d5d09bf0 at /HUDSON/workspace/7u-2-build-macosx-x86_64/jdk7u75/1940/hotspot/src/share/vm/prims/jvm.cpp:1281
Event: 66.132 Thread 0x00007fdbfba03800 Threw 0x00000007d5d11530 at /HUDSON/workspace/7u-2-build-macosx-x86_64/jdk7u75/1940/hotspot/src/share/vm/prims/jvm.cpp:1281
Event: 66.133 Thread 0x00007fdbfba03800 Threw 0x00000007d5d18c18 at /HUDSON/workspace/7u-2-build-macosx-x86_64/jdk7u75/1940/hotspot/src/share/vm/prims/jvm.cpp:1281
Event: 66.133 Thread 0x00007fdbfba03800 Threw 0x00000007d5d1f9a8 at /HUDSON/workspace/7u-2-build-macosx-x86_64/jdk7u75/1940/hotspot/src/share/vm/prims/jvm.cpp:1281
Event: 66.134 Thread 0x00007fdbfba03800 Threw 0x00000007d5d26790 at /HUDSON/workspace/7u-2-build-macosx-x86_64/jdk7u75/1940/hotspot/src/share/vm/prims/jvm.cpp:1281
Event: 66.134 Thread 0x00007fdbfba03800 Threw 0x00000007d6ed13f8 at /HUDSON/workspace/7u-2-build-macosx-x86_64/jdk7u75/1940/hotspot/src/share/vm/prims/jvm.cpp:1281

Events (10 events):
Event: 71.267 Executing VM operation: ParallelGCFailedAllocation done
Event: 71.269 Executing VM operation: BulkRevokeBias
Event: 71.269 Executing VM operation: BulkRevokeBias done
Event: 71.458 Executing VM operation: ParallelGCFailedAllocation
Event: 71.525 Executing VM operation: ParallelGCFailedAllocation done
Event: 71.525 Executing VM operation: RevokeBias
Event: 71.525 Executing VM operation: RevokeBias done
Event: 71.525 Executing VM operation: RevokeBias
Event: 71.525 Executing VM operation: RevokeBias done
Event: 72.726 Thread 0x00007fdbfb863000 flushing nmethod 0x000000010dc9e190


Dynamic libraries:
0x00000000091cc000 	/System/Library/Frameworks/Cocoa.framework/Versions/A/Cocoa
0x00000000091cc000 	/System/Library/Frameworks/Security.framework/Versions/A/Security
0x00000000091cc000 	/System/Library/Frameworks/ApplicationServices.framework/Versions/A/ApplicationServices
0x00000000091cc000 	/usr/lib/libz.1.dylib
0x00000000091cc000 	/usr/lib/libSystem.B.dylib
0x00000000091cc000 	/usr/lib/libobjc.A.dylib
0x00000000091cc000 	/System/Library/Frameworks/CoreFoundation.framework/Versions/A/CoreFoundation
0x00000000091cc000 	/System/Library/Frameworks/Foundation.framework/Versions/C/Foundation
0x00000000091cc000 	/System/Library/Frameworks/AppKit.framework/Versions/C/AppKit
0x00000000091cc000 	/System/Library/Frameworks/CoreData.framework/Versions/A/CoreData
0x00000000091cc000 	/System/Library/PrivateFrameworks/RemoteViewServices.framework/Versions/A/RemoteViewServices
0x00000000091cc000 	/System/Library/PrivateFrameworks/UIFoundation.framework/Versions/A/UIFoundation
0x00000000091cc000 	/System/Library/Frameworks/IOSurface.framework/Versions/A/IOSurface
0x00000000091cc000 	/System/Library/Frameworks/AudioToolbox.framework/Versions/A/AudioToolbox
0x00000000091cc000 	/System/Library/Frameworks/AudioUnit.framework/Versions/A/AudioUnit
0x00000000091cc000 	/System/Library/PrivateFrameworks/DataDetectorsCore.framework/Versions/A/DataDetectorsCore
0x00000000091cc000 	/System/Library/PrivateFrameworks/DesktopServicesPriv.framework/Versions/A/DesktopServicesPriv
0x00000000091cc000 	/System/Library/Frameworks/Carbon.framework/Versions/A/Frameworks/HIToolbox.framework/Versions/A/HIToolbox
0x00000000091cc000 	/System/Library/Frameworks/QuartzCore.framework/Versions/A/QuartzCore
0x00000000091cc000 	/System/Library/Frameworks/Carbon.framework/Versions/A/Frameworks/SpeechRecognition.framework/Versions/A/SpeechRecognition
0x00000000091cc000 	/usr/lib/libauto.dylib
0x00000000091cc000 	/usr/lib/libicucore.A.dylib
0x00000000091cc000 	/usr/lib/libxml2.2.dylib
0x00000000091cc000 	/System/Library/PrivateFrameworks/CoreUI.framework/Versions/A/CoreUI
0x00000000091cc000 	/System/Library/Frameworks/CoreAudio.framework/Versions/A/CoreAudio
0x00000000091cc000 	/System/Library/Frameworks/DiskArbitration.framework/Versions/A/DiskArbitration
0x00000000091cc000 	/usr/lib/liblangid.dylib
0x00000000091cc000 	/System/Library/PrivateFrameworks/MultitouchSupport.framework/Versions/A/MultitouchSupport
0x00000000091cc000 	/System/Library/Frameworks/IOKit.framework/Versions/A/IOKit
0x00000000091cc000 	/usr/lib/libDiagnosticMessagesClient.dylib
0x00000000091cc000 	/System/Library/Frameworks/CoreServices.framework/Versions/A/CoreServices
0x00000000091cc000 	/System/Library/PrivateFrameworks/PerformanceAnalysis.framework/Versions/A/PerformanceAnalysis
0x00000000091cc000 	/System/Library/PrivateFrameworks/GenerationalStorage.framework/Versions/A/GenerationalStorage
0x00000000091cc000 	/System/Library/Frameworks/OpenGL.framework/Versions/A/OpenGL
0x00000000091cc000 	/System/Library/PrivateFrameworks/Sharing.framework/Versions/A/Sharing
0x00000000091cc000 	/System/Library/Frameworks/CoreGraphics.framework/Versions/A/CoreGraphics
0x00000000091cc000 	/System/Library/Frameworks/CoreText.framework/Versions/A/CoreText
0x00000000091cc000 	/System/Library/Frameworks/ImageIO.framework/Versions/A/ImageIO
0x00000000091cc000 	/usr/lib/libextension.dylib
0x00000000091cc000 	/System/Library/PrivateFrameworks/Backup.framework/Versions/A/Backup
0x00000000091cc000 	/usr/lib/libarchive.2.dylib
0x00000000091cc000 	/System/Library/Frameworks/CFNetwork.framework/Versions/A/CFNetwork
0x00000000091cc000 	/System/Library/Frameworks/SystemConfiguration.framework/Versions/A/SystemConfiguration
0x00000000091cc000 	/usr/lib/libCRFSuite.dylib
0x00000000091cc000 	/usr/lib/libc++.1.dylib
0x00000000091cc000 	/usr/lib/libc++abi.dylib
0x00000000091cc000 	/usr/lib/system/libcache.dylib
0x00000000091cc000 	/usr/lib/system/libcommonCrypto.dylib
0x00000000091cc000 	/usr/lib/system/libcompiler_rt.dylib
0x00000000091cc000 	/usr/lib/system/libcopyfile.dylib
0x00000000091cc000 	/usr/lib/system/libcorecrypto.dylib
0x00000000091cc000 	/usr/lib/system/libdispatch.dylib
0x00000000091cc000 	/usr/lib/system/libdyld.dylib
0x00000000091cc000 	/usr/lib/system/libkeymgr.dylib
0x00000000091cc000 	/usr/lib/system/liblaunch.dylib
0x00000000091cc000 	/usr/lib/system/libmacho.dylib
0x00000000091cc000 	/usr/lib/system/libquarantine.dylib
0x00000000091cc000 	/usr/lib/system/libremovefile.dylib
0x00000000091cc000 	/usr/lib/system/libsystem_asl.dylib
0x00000000091cc000 	/usr/lib/system/libsystem_blocks.dylib
0x00000000091cc000 	/usr/lib/system/libsystem_c.dylib
0x00000000091cc000 	/usr/lib/system/libsystem_configuration.dylib
0x00000000091cc000 	/usr/lib/system/libsystem_coreservices.dylib
0x00000000091cc000 	/usr/lib/system/libsystem_coretls.dylib
0x00000000091cc000 	/usr/lib/system/libsystem_dnssd.dylib
0x00000000091cc000 	/usr/lib/system/libsystem_info.dylib
0x00000000091cc000 	/usr/lib/system/libsystem_kernel.dylib
0x00000000091cc000 	/usr/lib/system/libsystem_m.dylib
0x00000000091cc000 	/usr/lib/system/libsystem_malloc.dylib
0x00000000091cc000 	/usr/lib/system/libsystem_network.dylib
0x00000000091cc000 	/usr/lib/system/libsystem_networkextension.dylib
0x00000000091cc000 	/usr/lib/system/libsystem_notify.dylib
0x00000000091cc000 	/usr/lib/system/libsystem_platform.dylib
0x00000000091cc000 	/usr/lib/system/libsystem_pthread.dylib
0x00000000091cc000 	/usr/lib/system/libsystem_sandbox.dylib
0x00000000091cc000 	/usr/lib/system/libsystem_secinit.dylib
0x00000000091cc000 	/usr/lib/system/libsystem_stats.dylib
0x00000000091cc000 	/usr/lib/system/libsystem_trace.dylib
0x00000000091cc000 	/usr/lib/system/libunc.dylib
0x00000000091cc000 	/usr/lib/system/libunwind.dylib
0x00000000091cc000 	/usr/lib/system/libxpc.dylib
0x00000000091cc000 	/usr/lib/libbz2.1.0.dylib
0x00000000091cc000 	/usr/lib/liblzma.5.dylib
0x00000000091cc000 	/usr/lib/libbsm.0.dylib
0x00000000091cc000 	/usr/lib/libsqlite3.dylib
0x00000000091cc000 	/usr/lib/system/libkxld.dylib
0x00000000091cc000 	/usr/lib/libxar.1.dylib
0x00000000091cc000 	/usr/lib/libpam.2.dylib
0x00000000091cc000 	/usr/lib/libOpenScriptingUtil.dylib
0x00000000091cc000 	/System/Library/Frameworks/CoreServices.framework/Versions/A/Frameworks/FSEvents.framework/Versions/A/FSEvents
0x00000000091cc000 	/System/Library/Frameworks/CoreServices.framework/Versions/A/Frameworks/CarbonCore.framework/Versions/A/CarbonCore
0x00000000091cc000 	/System/Library/Frameworks/CoreServices.framework/Versions/A/Frameworks/Metadata.framework/Versions/A/Metadata
0x00000000091cc000 	/System/Library/Frameworks/CoreServices.framework/Versions/A/Frameworks/OSServices.framework/Versions/A/OSServices
0x00000000091cc000 	/System/Library/Frameworks/CoreServices.framework/Versions/A/Frameworks/SearchKit.framework/Versions/A/SearchKit
0x00000000091cc000 	/System/Library/Frameworks/CoreServices.framework/Versions/A/Frameworks/AE.framework/Versions/A/AE
0x00000000091cc000 	/System/Library/Frameworks/CoreServices.framework/Versions/A/Frameworks/LaunchServices.framework/Versions/A/LaunchServices
0x00000000091cc000 	/System/Library/Frameworks/CoreServices.framework/Versions/A/Frameworks/DictionaryServices.framework/Versions/A/DictionaryServices
0x00000000091cc000 	/System/Library/Frameworks/NetFS.framework/Versions/A/NetFS
0x00000000091cc000 	/System/Library/PrivateFrameworks/NetAuth.framework/Versions/A/NetAuth
0x00000000091cc000 	/System/Library/PrivateFrameworks/login.framework/Versions/A/Frameworks/loginsupport.framework/Versions/A/loginsupport
0x00000000091cc000 	/System/Library/PrivateFrameworks/TCC.framework/Versions/A/TCC
0x00000000091cc000 	/usr/lib/libmecabra.dylib
0x00000000091cc000 	/System/Library/Frameworks/ApplicationServices.framework/Versions/A/Frameworks/ATS.framework/Versions/A/ATS
0x00000000091cc000 	/System/Library/Frameworks/ApplicationServices.framework/Versions/A/Frameworks/ColorSync.framework/Versions/A/ColorSync
0x00000000091cc000 	/System/Library/Frameworks/ApplicationServices.framework/Versions/A/Frameworks/HIServices.framework/Versions/A/HIServices
0x00000000091cc000 	/System/Library/Frameworks/ApplicationServices.framework/Versions/A/Frameworks/LangAnalysis.framework/Versions/A/LangAnalysis
0x00000000091cc000 	/System/Library/Frameworks/ApplicationServices.framework/Versions/A/Frameworks/PrintCore.framework/Versions/A/PrintCore
0x00000000091cc000 	/System/Library/Frameworks/ApplicationServices.framework/Versions/A/Frameworks/QD.framework/Versions/A/QD
0x00000000091cc000 	/System/Library/Frameworks/ApplicationServices.framework/Versions/A/Frameworks/SpeechSynthesis.framework/Versions/A/SpeechSynthesis
0x00000000091cc000 	/System/Library/Frameworks/Accelerate.framework/Versions/A/Accelerate
0x00000000091cc000 	/System/Library/Frameworks/Accelerate.framework/Versions/A/Frameworks/vImage.framework/Versions/A/vImage
0x00000000091cc000 	/System/Library/Frameworks/Accelerate.framework/Versions/A/Frameworks/vecLib.framework/Versions/A/vecLib
0x00000000091cc000 	/System/Library/Frameworks/Accelerate.framework/Versions/A/Frameworks/vecLib.framework/Versions/A/libvDSP.dylib
0x00000000091cc000 	/System/Library/Frameworks/Accelerate.framework/Versions/A/Frameworks/vecLib.framework/Versions/A/libvMisc.dylib
0x00000000091cc000 	/System/Library/Frameworks/Accelerate.framework/Versions/A/Frameworks/vecLib.framework/Versions/A/libLAPACK.dylib
0x00000000091cc000 	/System/Library/Frameworks/Accelerate.framework/Versions/A/Frameworks/vecLib.framework/Versions/A/libBLAS.dylib
0x00000000091cc000 	/System/Library/Frameworks/Accelerate.framework/Versions/A/Frameworks/vecLib.framework/Versions/A/libLinearAlgebra.dylib
0x00000000091cc000 	/System/Library/Frameworks/ApplicationServices.framework/Versions/A/Frameworks/ATS.framework/Versions/A/Resources/libFontParser.dylib
0x00000000091cc000 	/System/Library/Frameworks/ApplicationServices.framework/Versions/A/Frameworks/ATS.framework/Versions/A/Resources/libFontRegistry.dylib
0x00000000091cc000 	/System/Library/PrivateFrameworks/AppleVPA.framework/Versions/A/AppleVPA
0x00000000091cc000 	/System/Library/PrivateFrameworks/AppleJPEG.framework/Versions/A/AppleJPEG
0x00000000091cc000 	/System/Library/Frameworks/ImageIO.framework/Versions/A/Resources/libJPEG.dylib
0x00000000091cc000 	/System/Library/Frameworks/ImageIO.framework/Versions/A/Resources/libTIFF.dylib
0x00000000091cc000 	/System/Library/Frameworks/ImageIO.framework/Versions/A/Resources/libPng.dylib
0x00000000091cc000 	/System/Library/Frameworks/ImageIO.framework/Versions/A/Resources/libGIF.dylib
0x00000000091cc000 	/System/Library/Frameworks/ImageIO.framework/Versions/A/Resources/libJP2.dylib
0x00000000091cc000 	/System/Library/Frameworks/ImageIO.framework/Versions/A/Resources/libRadiance.dylib
0x00000000091cc000 	/System/Library/Frameworks/CoreVideo.framework/Versions/A/CoreVideo
0x00000000091cc000 	/System/Library/Frameworks/OpenGL.framework/Versions/A/Libraries/libGLU.dylib
0x00000000091cc000 	/System/Library/Frameworks/OpenGL.framework/Versions/A/Libraries/libGFXShared.dylib
0x00000000091cc000 	/System/Library/Frameworks/OpenGL.framework/Versions/A/Libraries/libGL.dylib
0x00000000091cc000 	/System/Library/Frameworks/OpenGL.framework/Versions/A/Libraries/libGLImage.dylib
0x00000000091cc000 	/System/Library/Frameworks/OpenGL.framework/Versions/A/Libraries/libCVMSPluginSupport.dylib
0x00000000091cc000 	/System/Library/Frameworks/OpenGL.framework/Versions/A/Libraries/libCoreVMClient.dylib
0x00000000091cc000 	/usr/lib/libcups.2.dylib
0x00000000091cc000 	/System/Library/Frameworks/Kerberos.framework/Versions/A/Kerberos
0x00000000091cc000 	/System/Library/Frameworks/GSS.framework/Versions/A/GSS
0x00000000091cc000 	/usr/lib/libresolv.9.dylib
0x00000000091cc000 	/usr/lib/libiconv.2.dylib
0x00000000091cc000 	/System/Library/PrivateFrameworks/Heimdal.framework/Versions/A/Heimdal
0x00000000091cc000 	/usr/lib/libheimdal-asn1.dylib
0x00000000091cc000 	/System/Library/Frameworks/OpenDirectory.framework/Versions/A/OpenDirectory
0x00000000091cc000 	/System/Library/PrivateFrameworks/CommonAuth.framework/Versions/A/CommonAuth
0x00000000091cc000 	/System/Library/Frameworks/OpenDirectory.framework/Versions/A/Frameworks/CFOpenDirectory.framework/Versions/A/CFOpenDirectory
0x00000000091cc000 	/System/Library/Frameworks/SecurityFoundation.framework/Versions/A/SecurityFoundation
0x00000000091cc000 	/System/Library/PrivateFrameworks/LanguageModeling.framework/Versions/A/LanguageModeling
0x00000000091cc000 	/usr/lib/libcmph.dylib
0x00000000091cc000 	/System/Library/Frameworks/ServiceManagement.framework/Versions/A/ServiceManagement
0x00000000091cc000 	/usr/lib/libxslt.1.dylib
0x00000000091cc000 	/System/Library/Frameworks/Carbon.framework/Versions/A/Frameworks/Ink.framework/Versions/A/Ink
0x00000000091cc000 	/System/Library/Frameworks/QuartzCore.framework/Versions/A/Frameworks/CoreImage.framework/Versions/A/CoreImage
0x00000000091cc000 	/System/Library/PrivateFrameworks/CrashReporterSupport.framework/Versions/A/CrashReporterSupport
0x00000000091cc000 	/System/Library/Frameworks/OpenCL.framework/Versions/A/OpenCL
0x00000000091cc000 	/System/Library/PrivateFrameworks/FaceCore.framework/Versions/A/FaceCore
0x00000000091cc000 	/System/Library/PrivateFrameworks/Ubiquity.framework/Versions/A/Ubiquity
0x00000000091cc000 	/System/Library/PrivateFrameworks/IconServices.framework/Versions/A/IconServices
0x00000000091cc000 	/System/Library/PrivateFrameworks/ChunkingLibrary.framework/Versions/A/ChunkingLibrary
0x00000000091cc000 	/System/Library/PrivateFrameworks/Apple80211.framework/Versions/A/Apple80211
0x00000000091cc000 	/System/Library/Frameworks/CoreWLAN.framework/Versions/A/CoreWLAN
0x00000000091cc000 	/System/Library/Frameworks/IOBluetooth.framework/Versions/A/IOBluetooth
0x00000000091cc000 	/System/Library/PrivateFrameworks/CoreWiFi.framework/Versions/A/CoreWiFi
0x00000000091cc000 	/System/Library/Frameworks/CoreBluetooth.framework/Versions/A/CoreBluetooth
0x00000000091cc000 	/System/Library/PrivateFrameworks/DebugSymbols.framework/Versions/A/DebugSymbols
0x00000000091cc000 	/System/Library/PrivateFrameworks/CoreSymbolication.framework/Versions/A/CoreSymbolication
0x00000000091cc000 	/System/Library/PrivateFrameworks/Symbolication.framework/Versions/A/Symbolication
0x00000000091cc000 	/System/Library/PrivateFrameworks/SpeechRecognitionCore.framework/Versions/A/SpeechRecognitionCore
0x000000010c7f0000 	/Library/Java/JavaVirtualMachines/jdk1.7.0_75.jdk/Contents/Home/jre/lib/server/libjvm.dylib
0x00000000091cc000 	/usr/lib/libstdc++.6.dylib
0x000000010d36b000 	/Library/Java/JavaVirtualMachines/jdk1.7.0_75.jdk/Contents/Home/jre/lib/libverify.dylib
0x000000010d378000 	/Library/Java/JavaVirtualMachines/jdk1.7.0_75.jdk/Contents/Home/jre/lib/libjava.dylib
0x000000010d3b2000 	/Library/Java/JavaVirtualMachines/jdk1.7.0_75.jdk/Contents/Home/jre/lib/libzip.dylib
0x000000010d3e5000 	/System/Library/Frameworks/JavaVM.framework/Frameworks/JavaRuntimeSupport.framework/JavaRuntimeSupport
0x0000000117444000 	/System/Library/Frameworks/JavaVM.framework/Versions/A/Frameworks/JavaNativeFoundation.framework/Versions/A/JavaNativeFoundation
0x0000000117459000 	/System/Library/Frameworks/JavaVM.framework/Versions/A/JavaVM
0x00000000091cc000 	/System/Library/Frameworks/Carbon.framework/Versions/A/Carbon
0x0000000117466000 	/System/Library/PrivateFrameworks/JavaLaunching.framework/Versions/A/JavaLaunching
0x00000000091cc000 	/System/Library/Frameworks/Carbon.framework/Versions/A/Frameworks/CommonPanels.framework/Versions/A/CommonPanels
0x00000000091cc000 	/System/Library/Frameworks/Carbon.framework/Versions/A/Frameworks/Help.framework/Versions/A/Help
0x00000000091cc000 	/System/Library/Frameworks/Carbon.framework/Versions/A/Frameworks/ImageCapture.framework/Versions/A/ImageCapture
0x00000000091cc000 	/System/Library/Frameworks/Carbon.framework/Versions/A/Frameworks/OpenScripting.framework/Versions/A/OpenScripting
0x00000000091cc000 	/System/Library/Frameworks/Carbon.framework/Versions/A/Frameworks/Print.framework/Versions/A/Print
0x00000000091cc000 	/System/Library/Frameworks/Carbon.framework/Versions/A/Frameworks/SecurityHI.framework/Versions/A/SecurityHI
0x00000001192ed000 	/Library/Java/JavaVirtualMachines/jdk1.7.0_75.jdk/Contents/Home/jre/lib/libnio.dylib
0x00000001192fc000 	/Library/Java/JavaVirtualMachines/jdk1.7.0_75.jdk/Contents/Home/jre/lib/./libnet.dylib
0x0000000117472000 	/Library/Java/JavaVirtualMachines/jdk1.7.0_75.jdk/Contents/Home/jre/lib/libawt.dylib
0x0000000117521000 	/Library/Java/JavaVirtualMachines/jdk1.7.0_75.jdk/Contents/Home/jre/lib/./libmlib_image.dylib
0x000000011a23d000 	/Library/Java/JavaVirtualMachines/jdk1.7.0_75.jdk/Contents/Home/jre/lib/lwawt/liblwawt.dylib
0x0000000119281000 	/Library/Java/JavaVirtualMachines/jdk1.7.0_75.jdk/Contents/Home/jre/lib/libosxapp.dylib
0x00000000091cc000 	/System/Library/Frameworks/ExceptionHandling.framework/Versions/A/ExceptionHandling
0x00000000091cc000 	/System/Library/PrivateFrameworks/CoreServicesInternal.framework/Versions/A/CoreServicesInternal
0x00000000091cc000 	/System/Library/PrivateFrameworks/CloudDocs.framework/Versions/A/CloudDocs
0x00000000091cc000 	/System/Library/PrivateFrameworks/CoreDuet.framework/Versions/A/CoreDuet
0x00000000091cc000 	/System/Library/Frameworks/CloudKit.framework/Versions/A/CloudKit
0x00000000091cc000 	/System/Library/PrivateFrameworks/ProtocolBuffer.framework/Versions/A/ProtocolBuffer
0x00000000091cc000 	/System/Library/PrivateFrameworks/CoreDuetDaemonProtocol.framework/Versions/A/CoreDuetDaemonProtocol
0x00000000091cc000 	/System/Library/PrivateFrameworks/CoreDuetDebugLogging.framework/Versions/A/CoreDuetDebugLogging
0x00000000091cc000 	/System/Library/Frameworks/CoreLocation.framework/Versions/A/CoreLocation
0x00000000091cc000 	/System/Library/Frameworks/Accounts.framework/Versions/A/Accounts
0x00000000091cc000 	/System/Library/PrivateFrameworks/ApplePushService.framework/Versions/A/ApplePushService
0x00000000091cc000 	/System/Library/PrivateFrameworks/GeoServices.framework/Versions/A/GeoServices
0x00000000091cc000 	/System/Library/PrivateFrameworks/OAuth.framework/Versions/A/OAuth
0x00000000091cc000 	/System/Library/PrivateFrameworks/CoreDaemon.framework/Versions/B/CoreDaemon
0x00000000091cc000 	/usr/lib/libcrypto.0.9.8.dylib
0x00000000091cc000 	/System/Library/PrivateFrameworks/AppleSRP.framework/Versions/A/AppleSRP
0x00000000091cc000 	/System/Library/PrivateFrameworks/TrustEvaluationAgent.framework/Versions/A/TrustEvaluationAgent
0x000000011981b000 	/System/Library/Frameworks/CoreGraphics.framework/Versions/A/Resources/libCGCMS.A.dylib
0x000000011c4d8000 	/System/Library/Frameworks/CoreGraphics.framework/Versions/A/Resources/libRIP.A.dylib
0x0000000119872000 	/System/Library/Frameworks/CoreGraphics.framework/Versions/A/Resources/libCGXType.A.dylib
0x00000000091cc000 	/System/Library/Frameworks/OpenCL.framework/Versions/A/Libraries/libcldcpuengine.dylib
0x00000000091cc000 	/System/Library/PrivateFrameworks/DiskImages.framework/Versions/A/DiskImages
0x00000000091cc000 	/System/Library/Frameworks/DiscRecording.framework/Versions/A/DiscRecording
0x00000000091cc000 	/usr/lib/libcsfde.dylib
0x00000000091cc000 	/usr/lib/libcurl.4.dylib
0x00000000091cc000 	/System/Library/PrivateFrameworks/MediaKit.framework/Versions/A/MediaKit
0x00000000091cc000 	/System/Library/PrivateFrameworks/ProtectedCloudStorage.framework/Versions/A/ProtectedCloudStorage
0x00000000091cc000 	/usr/lib/libCoreStorage.dylib
0x00000000091cc000 	/System/Library/PrivateFrameworks/EFILogin.framework/Versions/A/EFILogin
0x00000000091cc000 	/usr/lib/libutil.dylib
0x00000000091cc000 	/System/Library/PrivateFrameworks/FindMyDevice.framework/Versions/A/FindMyDevice
0x00000000091cc000 	/System/Library/Frameworks/LDAP.framework/Versions/A/LDAP
0x00000000091cc000 	/usr/lib/libsasl2.2.dylib
0x000000011987b000 	cl_kernels
0x000000011d1f4000 	/System/Library/Frameworks/OpenCL.framework/Versions/A/Libraries/ImageFormats/unorm8_bgra.dylib
0x000000011a806000 	cl_kernels
0x00000000091cc000 	/System/Library/PrivateFrameworks/FamilyControls.framework/Versions/A/FamilyControls
0x00000000091cc000 	/System/Library/PrivateFrameworks/CommerceKit.framework/Versions/A/Frameworks/CommerceCore.framework/Versions/A/CommerceCore
0x00000000091cc000 	/System/Library/PrivateFrameworks/SystemAdministration.framework/Versions/A/SystemAdministration
0x00000000091cc000 	/System/Library/PrivateFrameworks/AppContainer.framework/Versions/A/AppContainer
0x00000000091cc000 	/System/Library/PrivateFrameworks/SecCodeWrapper.framework/Versions/A/SecCodeWrapper
0x00000000091cc000 	/System/Library/Frameworks/DirectoryService.framework/Versions/A/DirectoryService
0x00000000091cc000 	/System/Library/PrivateFrameworks/LoginUIKit.framework/Versions/A/Frameworks/LoginUICore.framework/Versions/A/LoginUICore
0x00000000091cc000 	/usr/lib/libodfde.dylib
0x000000011a808000 	/private/var/folders/p3/t2vngfwj55q8lq51rw7rc7yc0000gn/T/jna--1711414736/jna4155364704688452302.tmp
0x000000011e52f000 	/usr/local/lib/libtesseract.dylib
0x000000011e892000 	/usr/local/lib/liblept.4.dylib
0x000000011c6dd000 	/usr/local/lib/libpng16.16.dylib
0x000000011ea49000 	/usr/local/lib/libjpeg.8.dylib
0x000000011ea7c000 	/usr/local/lib/libtiff.5.dylib
0x00000001193d4000 	/Library/Java/JavaVirtualMachines/jdk1.7.0_75.jdk/Contents/Home/jre/lib/libjpeg.dylib

VM Arguments:
jvm_args: -Dfile.encoding=UTF-8 -Duser.country=US -Duser.language=en -Duser.variant 
java_command: cz.kinst.jakub.diploma.offloadableocr.java.Main
Launcher Type: SUN_STANDARD

Environment Variables:
PATH=/usr/bin:/bin:/usr/sbin:/sbin
SHELL=/bin/bash

Signal Handlers:
SIGSEGV: [libjvm.dylib+0x52d20d], sa_mask[0]=0xfffefeff, sa_flags=0x00000043
SIGBUS: [libjvm.dylib+0x52d20d], sa_mask[0]=0xfffefeff, sa_flags=0x00000042
SIGFPE: [libjvm.dylib+0x41ee7a], sa_mask[0]=0xfffefeff, sa_flags=0x00000042
SIGPIPE: [libjvm.dylib+0x41ee7a], sa_mask[0]=0xfffefeff, sa_flags=0x00000042
SIGXFSZ: [libjvm.dylib+0x41ee7a], sa_mask[0]=0xfffefeff, sa_flags=0x00000042
SIGILL: [libjvm.dylib+0x41ee7a], sa_mask[0]=0xfffefeff, sa_flags=0x00000042
SIGUSR1: SIG_DFL, sa_mask[0]=0x00000000, sa_flags=0x00000000
SIGUSR2: [libjvm.dylib+0x41e96c], sa_mask[0]=0x00000004, sa_flags=0x00000042
SIGHUP: [libjvm.dylib+0x41cbfd], sa_mask[0]=0xfffefeff, sa_flags=0x00000042
SIGINT: [libjvm.dylib+0x41cbfd], sa_mask[0]=0xfffefeff, sa_flags=0x00000042
SIGTERM: [libjvm.dylib+0x41cbfd], sa_mask[0]=0xfffefeff, sa_flags=0x00000042
SIGQUIT: [libjvm.dylib+0x41cbfd], sa_mask[0]=0xfffefeff, sa_flags=0x00000042


---------------  S Y S T E M  ---------------

OS:Bsduname:Darwin 14.1.0 Darwin Kernel Version 14.1.0: Mon Dec 22 23:10:38 PST 2014; root:xnu-2782.10.72~2/RELEASE_X86_64 x86_64
rlimit: STACK 8192k, CORE 0k, NPROC 709, NOFILE 10240, AS infinity
load average:2.57 2.62 2.59

CPU:total 4 (2 cores per cpu, 2 threads per core) family 6 model 69 stepping 1, cmov, cx8, fxsr, mmx, sse, sse2, sse3, ssse3, sse4.1, sse4.2, popcnt, avx, avx2, aes, erms, ht, tsc, tscinvbit

Memory: 4k page, physical 8388608k(2097152k free)

/proc/meminfo:


vm_info: Java HotSpot(TM) 64-Bit Server VM (24.75-b04) for bsd-amd64 JRE (1.7.0_75-b13), built on Dec 18 2014 21:48:12 by "java_re" with gcc 4.2.1 (Based on Apple Inc. build 5658) (LLVM build 2336.11.00)

time: Fri Feb 13 10:50:13 2015
elapsed time: 73 seconds

