#
# A fatal error has been detected by the Java Runtime Environment:
#
#  SIGSEGV (0xb) at pc=0x000000011b67ff37, pid=11453, tid=14087
#
# JRE version: Java(TM) SE Runtime Environment (7.0_75-b13) (build 1.7.0_75-b13)
# Java VM: Java HotSpot(TM) 64-Bit Server VM (24.75-b04 mixed mode bsd-amd64 compressed oops)
# Problematic frame:
# C  [libtesseract.dylib+0x7f37]  TessBaseAPIDelete+0xd
#
# Failed to write core dump. Core dumps have been disabled. To enable core dumping, try "ulimit -c unlimited" before starting Java again
#
# If you would like to submit a bug report, please visit:
#   http://bugreport.sun.com/bugreport/crash.jsp
# The crash happened outside the Java Virtual Machine in native code.
# See problematic frame for where to report the bug.
#

---------------  T H R E A D  ---------------

Current thread (0x00007fc3dd0f9000):  JavaThread "Dispatcher: Thread-21" [_thread_in_native, id=14087, stack(0x000000011d885000,0x000000011d985000)]

siginfo:si_signo=SIGSEGV: si_errno=0, si_code=1 (SEGV_MAPERR), si_addr=0x000007fc3dbea0e1

Registers:
RAX=0x000007fc3dbea0d9, RBX=0x0000000000000001, RCX=0x000000010a3c494d, RDX=0x000000011d9822d0
RSP=0x000000011d982338, RBP=0x000000011d982340, RSI=0x000000010addc250, RDI=0x00007fc3dbef6a40
R8 =0x000000011d9822d0, R9 =0x00007fc3dbc16890, R10=0x000000011d982290, R11=0x000000011b67ff2a
R12=0x0000000000000008, R13=0x0000000000000001, R14=0x000000011d9824c0, R15=0x000000011d982470
RIP=0x000000011b67ff37, EFLAGS=0x0000000000010202, ERR=0x0000000000000004
  TRAPNO=0x000000000000000e

Top of Stack: (sp=0x000000011d982338)
0x000000011d982338:   000000011982b94c 0000000000000000
0x000000011d982348:   000000011d982dc0 000000011d982440
0x000000011d982358:   000000011982b456 000000011d982390
0x000000011d982368:   000000011982aebb 0000000000000000
0x000000011d982378:   000000011d9823f0 000000011d982530
0x000000011d982388:   000000011d982404 000000011d982400
0x000000011d982398:   000000011d9823f0 000000011d982450
0x000000011d9823a8:   000000011d982dc0 000000011b67ff2a
0x000000011d9823b8:   000000011d982530 000000011d982290
0x000000011d9823c8:   000000011d982340 0000000000000001
0x000000011d9823d8:   0000000100000001 000000011d982290
0x000000011d9823e8:   0000000100000000 0000000100000001
0x000000011d9823f8:   000000011d982530 0000000100000000
0x000000011d982408:   df001aa1ac7f0030 000000011d982458
0x000000011d982418:   000000011d982530 000000011d9824c8
0x000000011d982428:   00007fc3dd0f91e8 000000011d982458
0x000000011d982438:   000000011d982478 000000011d982db0
0x000000011d982448:   00000001198222f5 000000011d9824c0
0x000000011d982458:   000000011d9823c0 000000011982ddd0
0x000000011d982468:   000000011d982400 000000011982ddd0
0x000000011d982478:   000000011982ddd0 0000000000000001
0x000000011d982488:   00007fc3dd0f91e8 0000000000000001
0x000000011d982498:   00007fc3dd0f91e8 000000011d9824d0
0x000000011d9824a8:   000000010a509e5a 00007fc3dd0f9000
0x000000011d9824b8:   000000077bbe3f30 00007fc3dbef6a40
0x000000011d9824c8:   00007fc3dd0f9000 000000011d982db0
0x000000011d9824d8:   0000000119821da5 000000011d982460
0x000000011d9824e8:   000000011d982450 000000011d982470
0x000000011d9824f8:   000000011d982490 000000011d982dc0
0x000000011d982508:   000000011982dcb0 000000011d982e68
0x000000011d982518:   0000000000000001 000000011b67ff2a
0x000000011d982528:   0000000100000001 0000000100000002 

Instructions: (pc=0x000000011b67ff37)
0x000000011b67ff17:   49 89 c6 48 89 df e8 fc b1 15 00 4c 89 f7 e8 2a
0x000000011b67ff27:   b2 15 00 55 48 89 e5 48 85 ff 74 07 48 8b 07 5d
0x000000011b67ff37:   ff 60 08 5d c3 55 48 89 e5 5d e9 a4 9d ff ff 55
0x000000011b67ff47:   48 89 e5 5d e9 00 9e ff ff 55 48 89 e5 e8 5d 9e 

Register to memory mapping:

RAX=0x000007fc3dbea0d9 is an unknown value
RBX=0x0000000000000001 is an unknown value
RCX=0x000000010a3c494d: _ZN18CompiledStaticCall3setERK14StaticCallInfo+0x59 in /Library/Java/JavaVirtualMachines/jdk1.7.0_75.jdk/Contents/Home/jre/lib/server/libjvm.dylib at 0x000000010a200000
RDX=0x000000011d9822d0 is pointing into the stack for thread: 0x00007fc3dd0f9000
RSP=0x000000011d982338 is pointing into the stack for thread: 0x00007fc3dd0f9000
RBP=0x000000011d982340 is pointing into the stack for thread: 0x00007fc3dd0f9000
RSI=0x000000010addc250 is at entry_point+-752 in (nmethod*)0x000000010addc250
RDI=0x00007fc3dbef6a40 is an unknown value
R8 =0x000000011d9822d0 is pointing into the stack for thread: 0x00007fc3dd0f9000
R9 =0x00007fc3dbc16890 is an unknown value
R10=0x000000011d982290 is pointing into the stack for thread: 0x00007fc3dd0f9000
R11=0x000000011b67ff2a: TessBaseAPIDelete+0 in /usr/local/lib/libtesseract.dylib at 0x000000011b678000
R12=0x0000000000000008 is an unknown value
R13=0x0000000000000001 is an unknown value
R14=0x000000011d9824c0 is pointing into the stack for thread: 0x00007fc3dd0f9000
R15=0x000000011d982470 is pointing into the stack for thread: 0x00007fc3dd0f9000


Stack: [0x000000011d885000,0x000000011d985000],  sp=0x000000011d982338,  free space=1012k
Native frames: (J=compiled Java code, j=interpreted, Vv=VM code, C=native code)
C  [libtesseract.dylib+0x7f37]  TessBaseAPIDelete+0xd

Java frames: (J=compiled Java code, j=interpreted, Vv=VM code)
j  com.sun.jna.Native.invokeVoid(JI[Ljava/lang/Object;)V+0
j  com.sun.jna.Function.invoke([Ljava/lang/Object;Ljava/lang/Class;Z)Ljava/lang/Object;+30
j  com.sun.jna.Function.invoke(Ljava/lang/Class;[Ljava/lang/Object;Ljava/util/Map;)Ljava/lang/Object;+262
j  com.sun.jna.Library$Handler.invoke(Ljava/lang/Object;Ljava/lang/reflect/Method;[Ljava/lang/Object;)Ljava/lang/Object;+316
j  com.sun.proxy.$Proxy10.TessBaseAPIDelete(Lnet/sourceforge/tess4j/ITessAPI$TessBaseAPI;)V+16
j  net.sourceforge.tess4j.Tesseract.dispose()V+8
j  net.sourceforge.tess4j.Tesseract.doOCR(Ljava/util/List;Ljava/awt/Rectangle;)Ljava/lang/String;+126
j  net.sourceforge.tess4j.Tesseract.doOCR(Ljava/io/File;Ljava/awt/Rectangle;)Ljava/lang/String;+6
j  net.sourceforge.tess4j.Tesseract.doOCR(Ljava/io/File;)Ljava/lang/String;+3
j  cz.kinst.jakub.diploma.offloadableocr.java.offloading.OCR.recognizeText(Ljava/io/File;)Ljava/lang/String;+5
j  cz.kinst.jakub.diploma.offloadableocr.java.offloading.OCRBackendImpl.recognize(Lorg/restlet/representation/Representation;)Lcz/kinst/jakub/diploma/offloadableocr/java/offloading/OCRResult;+105
v  ~StubRoutines::call_stub
j  sun.reflect.NativeMethodAccessorImpl.invoke0(Ljava/lang/reflect/Method;Ljava/lang/Object;[Ljava/lang/Object;)Ljava/lang/Object;+0
j  sun.reflect.NativeMethodAccessorImpl.invoke(Ljava/lang/Object;[Ljava/lang/Object;)Ljava/lang/Object;+87
j  sun.reflect.DelegatingMethodAccessorImpl.invoke(Ljava/lang/Object;[Ljava/lang/Object;)Ljava/lang/Object;+6
j  java.lang.reflect.Method.invoke(Ljava/lang/Object;[Ljava/lang/Object;)Ljava/lang/Object;+57
j  org.restlet.resource.ServerResource.doHandle(Lorg/restlet/engine/resource/MethodAnnotationInfo;Lorg/restlet/representation/Variant;)Lorg/restlet/representation/Representation;+166
j  org.restlet.resource.ServerResource.post(Lorg/restlet/representation/Representation;Lorg/restlet/representation/Variant;)Lorg/restlet/representation/Representation;+18
j  org.restlet.resource.ServerResource.doHandle(Lorg/restlet/representation/Variant;)Lorg/restlet/representation/Representation;+126
j  org.restlet.resource.ServerResource.doNegotiatedHandle()Lorg/restlet/representation/Representation;+55
j  org.restlet.resource.ServerResource.doConditionalHandle()Lorg/restlet/representation/Representation;+297
j  org.restlet.resource.ServerResource.handle()Lorg/restlet/representation/Representation;+37
j  org.restlet.resource.Finder.handle(Lorg/restlet/Request;Lorg/restlet/Response;)V+101
j  org.restlet.routing.Filter.doHandle(Lorg/restlet/Request;Lorg/restlet/Response;)I+15
j  org.restlet.routing.Filter.handle(Lorg/restlet/Request;Lorg/restlet/Response;)V+43
j  org.restlet.routing.Router.doHandle(Lorg/restlet/Restlet;Lorg/restlet/Request;Lorg/restlet/Response;)V+3
j  org.restlet.routing.Router.handle(Lorg/restlet/Request;Lorg/restlet/Response;)V+21
j  org.restlet.routing.Filter.doHandle(Lorg/restlet/Request;Lorg/restlet/Response;)I+15
j  org.restlet.routing.Filter.handle(Lorg/restlet/Request;Lorg/restlet/Response;)V+43
j  org.restlet.routing.Router.doHandle(Lorg/restlet/Restlet;Lorg/restlet/Request;Lorg/restlet/Response;)V+3
j  org.restlet.routing.Router.handle(Lorg/restlet/Request;Lorg/restlet/Response;)V+21
j  org.restlet.routing.Filter.doHandle(Lorg/restlet/Request;Lorg/restlet/Response;)I+15
j  org.restlet.routing.Filter.handle(Lorg/restlet/Request;Lorg/restlet/Response;)V+43
j  org.restlet.routing.Router.doHandle(Lorg/restlet/Restlet;Lorg/restlet/Request;Lorg/restlet/Response;)V+3
j  org.restlet.routing.Router.handle(Lorg/restlet/Request;Lorg/restlet/Response;)V+21
j  org.restlet.routing.Filter.doHandle(Lorg/restlet/Request;Lorg/restlet/Response;)I+15
j  org.restlet.engine.application.StatusFilter.doHandle(Lorg/restlet/Request;Lorg/restlet/Response;)I+3
j  org.restlet.routing.Filter.handle(Lorg/restlet/Request;Lorg/restlet/Response;)V+43
j  org.restlet.routing.Filter.doHandle(Lorg/restlet/Request;Lorg/restlet/Response;)I+15
j  org.restlet.routing.Filter.handle(Lorg/restlet/Request;Lorg/restlet/Response;)V+43
j  org.restlet.engine.CompositeHelper.handle(Lorg/restlet/Request;Lorg/restlet/Response;)V+19
j  org.restlet.Component.handle(Lorg/restlet/Request;Lorg/restlet/Response;)V+19
j  org.restlet.Server.handle(Lorg/restlet/Request;Lorg/restlet/Response;)V+19
j  org.restlet.engine.connector.ServerHelper.handle(Lorg/restlet/Request;Lorg/restlet/Response;)V+15
j  org.restlet.engine.adapter.HttpServerHelper.handle(Lorg/restlet/engine/adapter/ServerCall;)V+22
j  org.restlet.ext.simple.internal.SimpleContainer.handle(Lorg/simpleframework/http/Request;Lorg/simpleframework/http/Response;)V+30
j  org.simpleframework.http.core.Dispatcher.dispatch()V+24
j  org.simpleframework.http.core.Dispatcher.run()V+1
j  java.util.concurrent.ThreadPoolExecutor.runWorker(Ljava/util/concurrent/ThreadPoolExecutor$Worker;)V+95
j  java.util.concurrent.ThreadPoolExecutor$Worker.run()V+5
j  java.lang.Thread.run()V+11
v  ~StubRoutines::call_stub

---------------  P R O C E S S  ---------------

Java Threads: ( => current thread )
  0x00007fc3dd87a000 JavaThread "Dispatcher: Thread-23" [_thread_blocked, id=28939, stack(0x0000000122409000,0x0000000122509000)]
  0x00007fc3dc330000 JavaThread "Notifier: Thread-22" [_thread_blocked, id=40715, stack(0x0000000122306000,0x0000000122406000)]
=>0x00007fc3dd0f9000 JavaThread "Dispatcher: Thread-21" [_thread_in_native, id=14087, stack(0x000000011d885000,0x000000011d985000)]
  0x00007fc3dc073000 JavaThread "Notifier: Thread-20" [_thread_blocked, id=40971, stack(0x0000000114652000,0x0000000114752000)]
  0x00007fc3dc0b5000 JavaThread "Dispatcher: Thread-19" [_thread_blocked, id=19975, stack(0x000000011d782000,0x000000011d882000)]
  0x00007fc3dc0b6000 JavaThread "Reader: Thread-18" [_thread_blocked, id=19463, stack(0x000000011d67f000,0x000000011d77f000)]
  0x00007fc3ddbc1000 JavaThread "Notifier: Thread-17" [_thread_blocked, id=39955, stack(0x0000000116b82000,0x0000000116c82000)]
  0x00007fc3dd216000 JavaThread "Reader: Thread-16" [_thread_blocked, id=53019, stack(0x000000011d57c000,0x000000011d67c000)]
  0x00007fc3dc13f000 JavaThread "Dispatcher: Thread-15" [_thread_blocked, id=52707, stack(0x000000011d479000,0x000000011d579000)]
  0x00007fc3dc186000 JavaThread "Reader: Thread-14" [_thread_blocked, id=52975, stack(0x000000011d376000,0x000000011d476000)]
  0x00007fc3dd99b800 JavaThread "Reader: Thread-13" [_thread_blocked, id=12039, stack(0x000000011d273000,0x000000011d373000)]
  0x00007fc3dc2cd800 JavaThread "Dispatcher: Thread-12" [_thread_blocked, id=39751, stack(0x000000011d170000,0x000000011d270000)]
  0x00007fc3dda97800 JavaThread "Reader: Thread-11" [_thread_blocked, id=38735, stack(0x000000011d06d000,0x000000011d16d000)]
  0x00007fc3dd1fb000 JavaThread "Notifier: Thread-10" [_thread_blocked, id=25619, stack(0x000000011cf6a000,0x000000011d06a000)]
  0x00007fc3dd916800 JavaThread "Java2D Disposer" daemon [_thread_blocked, id=44323, stack(0x000000011b576000,0x000000011b676000)]
  0x00007fc3dd04c000 JavaThread "AWT-AppKit" daemon [_thread_in_native, id=1811, stack(0x00007fff56333000,0x00007fff563b3000)]
  0x00007fc3dc016000 JavaThread "DestroyJavaVM" [_thread_blocked, id=4867, stack(0x000000010ac62000,0x000000010ad62000)]
  0x00007fc3dd9ba800 JavaThread "ActionDistributor: Thread-8" [_thread_in_native, id=22787, stack(0x0000000117296000,0x0000000117396000)]
  0x00007fc3dc231000 JavaThread "ActionDistributor: Thread-6" [_thread_in_native, id=22275, stack(0x0000000117193000,0x0000000117293000)]
  0x00007fc3dc234000 JavaThread "ActionDistributor: Thread-5" [_thread_in_native, id=21763, stack(0x0000000117090000,0x0000000117190000)]
  0x00007fc3dd998800 JavaThread "FileManager: Thread-4" [_thread_blocked, id=21251, stack(0x0000000116f8d000,0x000000011708d000)]
  0x00007fc3dc28d800 JavaThread "Thread-2" [_thread_blocked, id=20739, stack(0x0000000116e8a000,0x0000000116f8a000)]
  0x00007fc3dc14e000 JavaThread "Thread-3" [_thread_in_native, id=20487, stack(0x0000000116d87000,0x0000000116e87000)]
  0x00007fc3dd8dc000 JavaThread "EMF Reference Cleaner" daemon [_thread_blocked, id=18691, stack(0x000000011671b000,0x000000011681b000)]
  0x00007fc3dd008000 JavaThread "Service Thread" daemon [_thread_blocked, id=17667, stack(0x00000001160d5000,0x00000001161d5000)]
  0x00007fc3dd822800 JavaThread "C2 CompilerThread1" daemon [_thread_blocked, id=17155, stack(0x0000000115fd2000,0x00000001160d2000)]
  0x00007fc3dd820800 JavaThread "C2 CompilerThread0" daemon [_thread_blocked, id=16643, stack(0x0000000115ecf000,0x0000000115fcf000)]
  0x00007fc3dd81e000 JavaThread "Signal Dispatcher" daemon [_thread_blocked, id=13331, stack(0x0000000115dcc000,0x0000000115ecc000)]
  0x00007fc3dc056000 JavaThread "Finalizer" daemon [_thread_blocked, id=11523, stack(0x0000000114486000,0x0000000114586000)]
  0x00007fc3dc055800 JavaThread "Reference Handler" daemon [_thread_blocked, id=11011, stack(0x0000000114383000,0x0000000114483000)]

Other Threads:
  0x00007fc3dc055000 VMThread [stack: 0x0000000114280000,0x0000000114380000] [id=10499]
  0x00007fc3dd015800 WatcherThread [stack: 0x00000001161d8000,0x00000001162d8000] [id=18179]

VM state:not at safepoint (normal execution)

VM Mutex/Monitor currently owned by a thread: None

Heap
 PSYoungGen      total 130560K, used 16458K [0x00000007d5500000, 0x00000007ddd80000, 0x0000000800000000)
  eden space 124416K, 13% used [0x00000007d5500000,0x00000007d64e9e90,0x00000007dce80000)
  from space 6144K, 2% used [0x00000007dd780000,0x00000007dd7a89e0,0x00000007ddd80000)
  to   space 7680K, 0% used [0x00000007dce80000,0x00000007dce80000,0x00000007dd600000)
 ParOldGen       total 119808K, used 65102K [0x0000000780000000, 0x0000000787500000, 0x00000007d5500000)
  object space 119808K, 54% used [0x0000000780000000,0x0000000783f93998,0x0000000787500000)
 PSPermGen       total 35328K, used 17771K [0x000000077ae00000, 0x000000077d080000, 0x0000000780000000)
  object space 35328K, 50% used [0x000000077ae00000,0x000000077bf5afb8,0x000000077d080000)

Card table byte_map: [0x000000010de24000,0x000000010e24e000] byte_map_base: 0x000000010a24d000

Polling page: 0x000000010999f000

Code Cache  [0x000000010ad64000, 0x000000010afd4000, 0x000000010dd64000)
 total_blobs=701 nmethods=315 adapters=340 free_code_cache=47889Kb largest_free_block=48998016

Compilation events (10 events):
Event: 62.123 Thread 0x00007fc3dd820800  326             java.util.HashMap::<init> (9 bytes)
Event: 62.124 Thread 0x00007fc3dd820800 nmethod 326 0x000000010ae2c210 code [0x000000010ae2c360, 0x000000010ae2c438]
Event: 62.624 Thread 0x00007fc3dd822800  327             java.util.LinkedList::addAll (182 bytes)
Event: 62.628 Thread 0x00007fc3dd822800 nmethod 327 0x000000010ae95d90 code [0x000000010ae95f00, 0x000000010ae96208]
Event: 63.146 Thread 0x00007fc3dd820800  328             java.lang.Integer::stringSize (21 bytes)
Event: 63.146 Thread 0x00007fc3dd822800  329             java.lang.Integer::getChars (131 bytes)
Event: 63.149 Thread 0x00007fc3dd820800 nmethod 328 0x000000010ae2bf50 code [0x000000010ae2c080, 0x000000010ae2c178]
Event: 63.154 Thread 0x00007fc3dd822800 nmethod 329 0x000000010ae97590 code [0x000000010ae97700, 0x000000010ae97c58]
Event: 63.628 Thread 0x00007fc3dd820800  330             java.util.LinkedList::indexOf (73 bytes)
Event: 63.628 Thread 0x00007fc3dd820800 nmethod 330 0x000000010ae2bc90 code [0x000000010ae2bde0, 0x000000010ae2be78]

GC Heap History (10 events):
Event: 47.311 GC heap before
{Heap before GC invocations=5 (full 0):
 PSYoungGen      total 38912K, used 37177K [0x00000007d5500000, 0x00000007d8000000, 0x0000000800000000)
  eden space 33792K, 99% used [0x00000007d5500000,0x00000007d75fe588,0x00000007d7600000)
  from space 5120K, 66% used [0x00000007d7b00000,0x00000007d7e50020,0x00000007d8000000)
  to   space 5120K, 0% used [0x00000007d7600000,0x00000007d7600000,0x00000007d7b00000)
 ParOldGen       total 87040K, used 755K [0x0000000780000000, 0x0000000785500000, 0x00000007d5500000)
  object space 87040K, 0% used [0x0000000780000000,0x00000007800bccb0,0x0000000785500000)
 PSPermGen       total 21504K, used 17606K [0x000000077ae00000, 0x000000077c300000, 0x0000000780000000)
  object space 21504K, 81% used [0x000000077ae00000,0x000000077bf31a60,0x000000077c300000)
Event: 47.351 GC heap after
Heap after GC invocations=5 (full 0):
 PSYoungGen      total 38912K, used 3600K [0x00000007d5500000, 0x00000007da400000, 0x0000000800000000)
  eden space 33792K, 0% used [0x00000007d5500000,0x00000007d5500000,0x00000007d7600000)
  from space 5120K, 70% used [0x00000007d7600000,0x00000007d7984010,0x00000007d7b00000)
  to   space 6656K, 0% used [0x00000007d9d80000,0x00000007d9d80000,0x00000007da400000)
 ParOldGen       total 87040K, used 75715K [0x0000000780000000, 0x0000000785500000, 0x00000007d5500000)
  object space 87040K, 86% used [0x0000000780000000,0x00000007849f0f48,0x0000000785500000)
 PSPermGen       total 21504K, used 17606K [0x000000077ae00000, 0x000000077c300000, 0x0000000780000000)
  object space 21504K, 81% used [0x000000077ae00000,0x000000077bf31a60,0x000000077c300000)
}
Event: 47.358 GC heap before
{Heap before GC invocations=6 (full 1):
 PSYoungGen      total 38912K, used 3600K [0x00000007d5500000, 0x00000007da400000, 0x0000000800000000)
  eden space 33792K, 0% used [0x00000007d5500000,0x00000007d5500000,0x00000007d7600000)
  from space 5120K, 70% used [0x00000007d7600000,0x00000007d7984010,0x00000007d7b00000)
  to   space 6656K, 0% used [0x00000007d9d80000,0x00000007d9d80000,0x00000007da400000)
 ParOldGen       total 87040K, used 75715K [0x0000000780000000, 0x0000000785500000, 0x00000007d5500000)
  object space 87040K, 86% used [0x0000000780000000,0x00000007849f0f48,0x0000000785500000)
 PSPermGen       total 21504K, used 17606K [0x000000077ae00000, 0x000000077c300000, 0x0000000780000000)
  object space 21504K, 81% used [0x000000077ae00000,0x000000077bf31a60,0x000000077c300000)
Event: 47.427 GC heap after
Heap after GC invocations=6 (full 1):
 PSYoungGen      total 38912K, used 0K [0x00000007d5500000, 0x00000007da400000, 0x0000000800000000)
  eden space 33792K, 0% used [0x00000007d5500000,0x00000007d5500000,0x00000007d7600000)
  from space 5120K, 0% used [0x00000007d7600000,0x00000007d7600000,0x00000007d7b00000)
  to   space 6656K, 0% used [0x00000007d9d80000,0x00000007d9d80000,0x00000007da400000)
 ParOldGen       total 119808K, used 32334K [0x0000000780000000, 0x0000000787500000, 0x00000007d5500000)
  object space 119808K, 26% used [0x0000000780000000,0x0000000781f93988,0x0000000787500000)
 PSPermGen       total 35328K, used 17597K [0x000000077ae00000, 0x000000077d080000, 0x0000000780000000)
  object space 35328K, 49% used [0x000000077ae00000,0x000000077bf2f798,0x000000077d080000)
}
Event: 47.898 GC heap before
{Heap before GC invocations=7 (full 1):
 PSYoungGen      total 38912K, used 33721K [0x00000007d5500000, 0x00000007da400000, 0x0000000800000000)
  eden space 33792K, 99% used [0x00000007d5500000,0x00000007d75ee500,0x00000007d7600000)
  from space 5120K, 0% used [0x00000007d7600000,0x00000007d7600000,0x00000007d7b00000)
  to   space 6656K, 0% used [0x00000007d9d80000,0x00000007d9d80000,0x00000007da400000)
 ParOldGen       total 119808K, used 32334K [0x0000000780000000, 0x0000000787500000, 0x00000007d5500000)
  object space 119808K, 26% used [0x0000000780000000,0x0000000781f93988,0x0000000787500000)
 PSPermGen       total 35328K, used 17725K [0x000000077ae00000, 0x000000077d080000, 0x0000000780000000)
  object space 35328K, 50% used [0x000000077ae00000,0x000000077bf4f698,0x000000077d080000)
Event: 47.902 GC heap after
Heap after GC invocations=7 (full 1):
 PSYoungGen      total 71168K, used 200K [0x00000007d5500000, 0x00000007da300000, 0x0000000800000000)
  eden space 65536K, 0% used [0x00000007d5500000,0x00000007d5500000,0x00000007d9500000)
  from space 5632K, 3% used [0x00000007d9d80000,0x00000007d9db22f0,0x00000007da300000)
  to   space 7168K, 0% used [0x00000007d9500000,0x00000007d9500000,0x00000007d9c00000)
 ParOldGen       total 119808K, used 32334K [0x0000000780000000, 0x0000000787500000, 0x00000007d5500000)
  object space 119808K, 26% used [0x0000000780000000,0x0000000781f93988,0x0000000787500000)
 PSPermGen       total 35328K, used 17725K [0x000000077ae00000, 0x000000077d080000, 0x0000000780000000)
  object space 35328K, 50% used [0x000000077ae00000,0x000000077bf4f698,0x000000077d080000)
}
Event: 48.116 GC heap before
{Heap before GC invocations=8 (full 1):
 PSYoungGen      total 71168K, used 51362K [0x00000007d5500000, 0x00000007da300000, 0x0000000800000000)
  eden space 65536K, 78% used [0x00000007d5500000,0x00000007d86f67d0,0x00000007d9500000)
  from space 5632K, 3% used [0x00000007d9d80000,0x00000007d9db22f0,0x00000007da300000)
  to   space 7168K, 0% used [0x00000007d9500000,0x00000007d9500000,0x00000007d9c00000)
 ParOldGen       total 119808K, used 32334K [0x0000000780000000, 0x0000000787500000, 0x00000007d5500000)
  object space 119808K, 26% used [0x0000000780000000,0x0000000781f93988,0x0000000787500000)
 PSPermGen       total 35328K, used 17729K [0x000000077ae00000, 0x000000077d080000, 0x0000000780000000)
  object space 35328K, 50% used [0x000000077ae00000,0x000000077bf50780,0x000000077d080000)
Event: 48.118 GC heap after
Heap after GC invocations=8 (full 1):
 PSYoungGen      total 72704K, used 162K [0x00000007d5500000, 0x00000007ddf00000, 0x0000000800000000)
  eden space 65536K, 0% used [0x00000007d5500000,0x00000007d5500000,0x00000007d9500000)
  from space 7168K, 2% used [0x00000007d9500000,0x00000007d95289e0,0x00000007d9c00000)
  to   space 7680K, 0% used [0x00000007dd780000,0x00000007dd780000,0x00000007ddf00000)
 ParOldGen       total 119808K, used 32334K [0x0000000780000000, 0x0000000787500000, 0x00000007d5500000)
  object space 119808K, 26% used [0x0000000780000000,0x0000000781f93988,0x0000000787500000)
 PSPermGen       total 35328K, used 17729K [0x000000077ae00000, 0x000000077d080000, 0x0000000780000000)
  object space 35328K, 50% used [0x000000077ae00000,0x000000077bf50780,0x000000077d080000)
}
Event: 53.615 GC heap before
{Heap before GC invocations=9 (full 1):
 PSYoungGen      total 72704K, used 65698K [0x00000007d5500000, 0x00000007ddf00000, 0x0000000800000000)
  eden space 65536K, 100% used [0x00000007d5500000,0x00000007d9500000,0x00000007d9500000)
  from space 7168K, 2% used [0x00000007d9500000,0x00000007d95289e0,0x00000007d9c00000)
  to   space 7680K, 0% used [0x00000007dd780000,0x00000007dd780000,0x00000007ddf00000)
 ParOldGen       total 119808K, used 65102K [0x0000000780000000, 0x0000000787500000, 0x00000007d5500000)
  object space 119808K, 54% used [0x0000000780000000,0x0000000783f93998,0x0000000787500000)
 PSPermGen       total 35328K, used 17753K [0x000000077ae00000, 0x000000077d080000, 0x0000000780000000)
  object space 35328K, 50% used [0x000000077ae00000,0x000000077bf56558,0x000000077d080000)
Event: 53.616 GC heap after
Heap after GC invocations=9 (full 1):
 PSYoungGen      total 130560K, used 162K [0x00000007d5500000, 0x00000007ddd80000, 0x0000000800000000)
  eden space 124416K, 0% used [0x00000007d5500000,0x00000007d5500000,0x00000007dce80000)
  from space 6144K, 2% used [0x00000007dd780000,0x00000007dd7a89e0,0x00000007ddd80000)
  to   space 7680K, 0% used [0x00000007dce80000,0x00000007dce80000,0x00000007dd600000)
 ParOldGen       total 119808K, used 65102K [0x0000000780000000, 0x0000000787500000, 0x00000007d5500000)
  object space 119808K, 54% used [0x0000000780000000,0x0000000783f93998,0x0000000787500000)
 PSPermGen       total 35328K, used 17753K [0x000000077ae00000, 0x000000077d080000, 0x0000000780000000)
  object space 35328K, 50% used [0x000000077ae00000,0x000000077bf56558,0x000000077d080000)
}

Deoptimization events (10 events):
Event: 27.627 Thread 0x00007fc3dc28d800 Uncommon trap: reason=class_check action=maybe_recompile pc=0x000000010ae192cc method=java.util.regex.Pattern$Branch.match(Ljava/util/regex/Matcher;ILjava/lang/CharSequence;)Z @ 50
Event: 28.325 Thread 0x00007fc3dc13f000 Uncommon trap: reason=class_check action=maybe_recompile pc=0x000000010ae06c18 method=java.util.regex.Pattern$BmpCharProperty.match(Ljava/util/regex/Matcher;ILjava/lang/CharSequence;)Z @ 31
Event: 28.325 Thread 0x00007fc3dc13f000 Uncommon trap: reason=class_check action=maybe_recompile pc=0x000000010ae06c18 method=java.util.regex.Pattern$BmpCharProperty.match(Ljava/util/regex/Matcher;ILjava/lang/CharSequence;)Z @ 31
Event: 28.327 Thread 0x00007fc3dc13f000 Uncommon trap: reason=class_check action=maybe_recompile pc=0x000000010ae2c490 method=java.util.regex.Pattern$BmpCharProperty.match(Ljava/util/regex/Matcher;ILjava/lang/CharSequence;)Z @ 31
Event: 37.625 Thread 0x00007fc3dc28d800 Uncommon trap: reason=class_check action=maybe_recompile pc=0x000000010ae192cc method=java.util.regex.Pattern$Branch.match(Ljava/util/regex/Matcher;ILjava/lang/CharSequence;)Z @ 50
Event: 40.027 Thread 0x00007fc3dc28d800 Uncommon trap: reason=null_check action=make_not_entrant pc=0x000000010ae7a284 method=com.rits.cloning.Cloner.fastClone(Ljava/lang/Object;Ljava/util/Map;)Ljava/lang/Object; @ 15
Event: 40.387 Thread 0x00007fc3dc0b5000 Uncommon trap: reason=bimorphic action=maybe_recompile pc=0x000000010ae71768 method=java.util.regex.Pattern$Curly.match0(Ljava/util/regex/Matcher;IILjava/lang/CharSequence;)Z @ 31
Event: 40.387 Thread 0x00007fc3dc0b5000 Uncommon trap: reason=bimorphic action=maybe_recompile pc=0x000000010ae71768 method=java.util.regex.Pattern$Curly.match0(Ljava/util/regex/Matcher;IILjava/lang/CharSequence;)Z @ 31
Event: 40.387 Thread 0x00007fc3dc0b5000 Uncommon trap: reason=bimorphic action=maybe_recompile pc=0x000000010ae71768 method=java.util.regex.Pattern$Curly.match0(Ljava/util/regex/Matcher;IILjava/lang/CharSequence;)Z @ 31
Event: 40.387 Thread 0x00007fc3dc0b5000 Uncommon trap: reason=bimorphic action=maybe_recompile pc=0x000000010ae71768 method=java.util.regex.Pattern$Curly.match0(Ljava/util/regex/Matcher;IILjava/lang/CharSequence;)Z @ 31

Internal exceptions (10 events):
Event: 47.053 Thread 0x00007fc3dd0f9000 Threw 0x00000007d57073f0 at /HUDSON/workspace/7u-2-build-macosx-x86_64/jdk7u75/1940/hotspot/src/share/vm/prims/jvm.cpp:1281
Event: 47.054 Thread 0x00007fc3dd0f9000 Threw 0x00000007d5712450 at /HUDSON/workspace/7u-2-build-macosx-x86_64/jdk7u75/1940/hotspot/src/share/vm/prims/jvm.cpp:1281
Event: 47.054 Thread 0x00007fc3dd0f9000 Threw 0x00000007d571f7b0 at /HUDSON/workspace/7u-2-build-macosx-x86_64/jdk7u75/1940/hotspot/src/share/vm/prims/jvm.cpp:1281
Event: 47.055 Thread 0x00007fc3dd0f9000 Threw 0x00000007d5729fc8 at /HUDSON/workspace/7u-2-build-macosx-x86_64/jdk7u75/1940/hotspot/src/share/vm/prims/jvm.cpp:1281
Event: 47.055 Thread 0x00007fc3dd0f9000 Threw 0x00000007d5735478 at /HUDSON/workspace/7u-2-build-macosx-x86_64/jdk7u75/1940/hotspot/src/share/vm/prims/jvm.cpp:1281
Event: 47.056 Thread 0x00007fc3dd0f9000 Threw 0x00000007d573d0b0 at /HUDSON/workspace/7u-2-build-macosx-x86_64/jdk7u75/1940/hotspot/src/share/vm/prims/jvm.cpp:1281
Event: 47.056 Thread 0x00007fc3dd0f9000 Threw 0x00000007d574b910 at /HUDSON/workspace/7u-2-build-macosx-x86_64/jdk7u75/1940/hotspot/src/share/vm/prims/jvm.cpp:1281
Event: 47.058 Thread 0x00007fc3dd0f9000 Threw 0x00000007d575c128 at /HUDSON/workspace/7u-2-build-macosx-x86_64/jdk7u75/1940/hotspot/src/share/vm/prims/jvm.cpp:1281
Event: 47.059 Thread 0x00007fc3dd0f9000 Threw 0x00000007d57638e8 at /HUDSON/workspace/7u-2-build-macosx-x86_64/jdk7u75/1940/hotspot/src/share/vm/prims/jvm.cpp:1281
Event: 47.060 Thread 0x00007fc3dd0f9000 Threw 0x00000007d576c078 at /HUDSON/workspace/7u-2-build-macosx-x86_64/jdk7u75/1940/hotspot/src/share/vm/prims/jvm.cpp:1281

Events (10 events):
Event: 52.358 Executing VM operation: BulkRevokeBias done
Event: 52.359 Executing VM operation: RevokeBias
Event: 52.359 Executing VM operation: RevokeBias done
Event: 52.359 Executing VM operation: RevokeBias
Event: 52.359 Executing VM operation: RevokeBias done
Event: 52.360 Thread 0x00007fc3dd87a000 Thread added: 0x00007fc3dd87a000
Event: 53.615 Executing VM operation: ParallelGCFailedAllocation
Event: 53.616 Executing VM operation: ParallelGCFailedAllocation done
Event: 56.184 Thread 0x00007fc3dd822800 flushing nmethod 0x000000010ae06850
Event: 57.633 Thread 0x00007fc3dd822800 flushing nmethod 0x000000010ae2bc90


Dynamic libraries:
0x00000000091cc000 	/System/Library/Frameworks/Cocoa.framework/Versions/A/Cocoa
0x00000000091cc000 	/System/Library/Frameworks/Security.framework/Versions/A/Security
0x00000000091cc000 	/System/Library/Frameworks/ApplicationServices.framework/Versions/A/ApplicationServices
0x00000000091cc000 	/usr/lib/libz.1.dylib
0x00000000091cc000 	/usr/lib/libSystem.B.dylib
0x00000000091cc000 	/usr/lib/libobjc.A.dylib
0x00000000091cc000 	/System/Library/Frameworks/CoreFoundation.framework/Versions/A/CoreFoundation
0x00000000091cc000 	/System/Library/Frameworks/Foundation.framework/Versions/C/Foundation
0x00000000091cc000 	/System/Library/Frameworks/AppKit.framework/Versions/C/AppKit
0x00000000091cc000 	/System/Library/Frameworks/CoreData.framework/Versions/A/CoreData
0x00000000091cc000 	/System/Library/PrivateFrameworks/RemoteViewServices.framework/Versions/A/RemoteViewServices
0x00000000091cc000 	/System/Library/PrivateFrameworks/UIFoundation.framework/Versions/A/UIFoundation
0x00000000091cc000 	/System/Library/Frameworks/IOSurface.framework/Versions/A/IOSurface
0x00000000091cc000 	/System/Library/Frameworks/AudioToolbox.framework/Versions/A/AudioToolbox
0x00000000091cc000 	/System/Library/Frameworks/AudioUnit.framework/Versions/A/AudioUnit
0x00000000091cc000 	/System/Library/PrivateFrameworks/DataDetectorsCore.framework/Versions/A/DataDetectorsCore
0x00000000091cc000 	/System/Library/PrivateFrameworks/DesktopServicesPriv.framework/Versions/A/DesktopServicesPriv
0x00000000091cc000 	/System/Library/Frameworks/Carbon.framework/Versions/A/Frameworks/HIToolbox.framework/Versions/A/HIToolbox
0x00000000091cc000 	/System/Library/Frameworks/QuartzCore.framework/Versions/A/QuartzCore
0x00000000091cc000 	/System/Library/Frameworks/Carbon.framework/Versions/A/Frameworks/SpeechRecognition.framework/Versions/A/SpeechRecognition
0x00000000091cc000 	/usr/lib/libauto.dylib
0x00000000091cc000 	/usr/lib/libicucore.A.dylib
0x00000000091cc000 	/usr/lib/libxml2.2.dylib
0x00000000091cc000 	/System/Library/PrivateFrameworks/CoreUI.framework/Versions/A/CoreUI
0x00000000091cc000 	/System/Library/Frameworks/CoreAudio.framework/Versions/A/CoreAudio
0x00000000091cc000 	/System/Library/Frameworks/DiskArbitration.framework/Versions/A/DiskArbitration
0x00000000091cc000 	/usr/lib/liblangid.dylib
0x00000000091cc000 	/System/Library/PrivateFrameworks/MultitouchSupport.framework/Versions/A/MultitouchSupport
0x00000000091cc000 	/System/Library/Frameworks/IOKit.framework/Versions/A/IOKit
0x00000000091cc000 	/usr/lib/libDiagnosticMessagesClient.dylib
0x00000000091cc000 	/System/Library/Frameworks/CoreServices.framework/Versions/A/CoreServices
0x00000000091cc000 	/System/Library/PrivateFrameworks/PerformanceAnalysis.framework/Versions/A/PerformanceAnalysis
0x00000000091cc000 	/System/Library/PrivateFrameworks/GenerationalStorage.framework/Versions/A/GenerationalStorage
0x00000000091cc000 	/System/Library/Frameworks/OpenGL.framework/Versions/A/OpenGL
0x00000000091cc000 	/System/Library/PrivateFrameworks/Sharing.framework/Versions/A/Sharing
0x00000000091cc000 	/System/Library/Frameworks/CoreGraphics.framework/Versions/A/CoreGraphics
0x00000000091cc000 	/System/Library/Frameworks/CoreText.framework/Versions/A/CoreText
0x00000000091cc000 	/System/Library/Frameworks/ImageIO.framework/Versions/A/ImageIO
0x00000000091cc000 	/usr/lib/libextension.dylib
0x00000000091cc000 	/System/Library/PrivateFrameworks/Backup.framework/Versions/A/Backup
0x00000000091cc000 	/usr/lib/libarchive.2.dylib
0x00000000091cc000 	/System/Library/Frameworks/CFNetwork.framework/Versions/A/CFNetwork
0x00000000091cc000 	/System/Library/Frameworks/SystemConfiguration.framework/Versions/A/SystemConfiguration
0x00000000091cc000 	/usr/lib/libCRFSuite.dylib
0x00000000091cc000 	/usr/lib/libc++.1.dylib
0x00000000091cc000 	/usr/lib/libc++abi.dylib
0x00000000091cc000 	/usr/lib/system/libcache.dylib
0x00000000091cc000 	/usr/lib/system/libcommonCrypto.dylib
0x00000000091cc000 	/usr/lib/system/libcompiler_rt.dylib
0x00000000091cc000 	/usr/lib/system/libcopyfile.dylib
0x00000000091cc000 	/usr/lib/system/libcorecrypto.dylib
0x00000000091cc000 	/usr/lib/system/libdispatch.dylib
0x00000000091cc000 	/usr/lib/system/libdyld.dylib
0x00000000091cc000 	/usr/lib/system/libkeymgr.dylib
0x00000000091cc000 	/usr/lib/system/liblaunch.dylib
0x00000000091cc000 	/usr/lib/system/libmacho.dylib
0x00000000091cc000 	/usr/lib/system/libquarantine.dylib
0x00000000091cc000 	/usr/lib/system/libremovefile.dylib
0x00000000091cc000 	/usr/lib/system/libsystem_asl.dylib
0x00000000091cc000 	/usr/lib/system/libsystem_blocks.dylib
0x00000000091cc000 	/usr/lib/system/libsystem_c.dylib
0x00000000091cc000 	/usr/lib/system/libsystem_configuration.dylib
0x00000000091cc000 	/usr/lib/system/libsystem_coreservices.dylib
0x00000000091cc000 	/usr/lib/system/libsystem_coretls.dylib
0x00000000091cc000 	/usr/lib/system/libsystem_dnssd.dylib
0x00000000091cc000 	/usr/lib/system/libsystem_info.dylib
0x00000000091cc000 	/usr/lib/system/libsystem_kernel.dylib
0x00000000091cc000 	/usr/lib/system/libsystem_m.dylib
0x00000000091cc000 	/usr/lib/system/libsystem_malloc.dylib
0x00000000091cc000 	/usr/lib/system/libsystem_network.dylib
0x00000000091cc000 	/usr/lib/system/libsystem_networkextension.dylib
0x00000000091cc000 	/usr/lib/system/libsystem_notify.dylib
0x00000000091cc000 	/usr/lib/system/libsystem_platform.dylib
0x00000000091cc000 	/usr/lib/system/libsystem_pthread.dylib
0x00000000091cc000 	/usr/lib/system/libsystem_sandbox.dylib
0x00000000091cc000 	/usr/lib/system/libsystem_secinit.dylib
0x00000000091cc000 	/usr/lib/system/libsystem_stats.dylib
0x00000000091cc000 	/usr/lib/system/libsystem_trace.dylib
0x00000000091cc000 	/usr/lib/system/libunc.dylib
0x00000000091cc000 	/usr/lib/system/libunwind.dylib
0x00000000091cc000 	/usr/lib/system/libxpc.dylib
0x00000000091cc000 	/usr/lib/libbz2.1.0.dylib
0x00000000091cc000 	/usr/lib/liblzma.5.dylib
0x00000000091cc000 	/usr/lib/libbsm.0.dylib
0x00000000091cc000 	/usr/lib/libsqlite3.dylib
0x00000000091cc000 	/usr/lib/system/libkxld.dylib
0x00000000091cc000 	/usr/lib/libxar.1.dylib
0x00000000091cc000 	/usr/lib/libpam.2.dylib
0x00000000091cc000 	/usr/lib/libOpenScriptingUtil.dylib
0x00000000091cc000 	/System/Library/Frameworks/CoreServices.framework/Versions/A/Frameworks/FSEvents.framework/Versions/A/FSEvents
0x00000000091cc000 	/System/Library/Frameworks/CoreServices.framework/Versions/A/Frameworks/CarbonCore.framework/Versions/A/CarbonCore
0x00000000091cc000 	/System/Library/Frameworks/CoreServices.framework/Versions/A/Frameworks/Metadata.framework/Versions/A/Metadata
0x00000000091cc000 	/System/Library/Frameworks/CoreServices.framework/Versions/A/Frameworks/OSServices.framework/Versions/A/OSServices
0x00000000091cc000 	/System/Library/Frameworks/CoreServices.framework/Versions/A/Frameworks/SearchKit.framework/Versions/A/SearchKit
0x00000000091cc000 	/System/Library/Frameworks/CoreServices.framework/Versions/A/Frameworks/AE.framework/Versions/A/AE
0x00000000091cc000 	/System/Library/Frameworks/CoreServices.framework/Versions/A/Frameworks/LaunchServices.framework/Versions/A/LaunchServices
0x00000000091cc000 	/System/Library/Frameworks/CoreServices.framework/Versions/A/Frameworks/DictionaryServices.framework/Versions/A/DictionaryServices
0x00000000091cc000 	/System/Library/Frameworks/NetFS.framework/Versions/A/NetFS
0x00000000091cc000 	/System/Library/PrivateFrameworks/NetAuth.framework/Versions/A/NetAuth
0x00000000091cc000 	/System/Library/PrivateFrameworks/login.framework/Versions/A/Frameworks/loginsupport.framework/Versions/A/loginsupport
0x00000000091cc000 	/System/Library/PrivateFrameworks/TCC.framework/Versions/A/TCC
0x00000000091cc000 	/usr/lib/libmecabra.dylib
0x00000000091cc000 	/System/Library/Frameworks/ApplicationServices.framework/Versions/A/Frameworks/ATS.framework/Versions/A/ATS
0x00000000091cc000 	/System/Library/Frameworks/ApplicationServices.framework/Versions/A/Frameworks/ColorSync.framework/Versions/A/ColorSync
0x00000000091cc000 	/System/Library/Frameworks/ApplicationServices.framework/Versions/A/Frameworks/HIServices.framework/Versions/A/HIServices
0x00000000091cc000 	/System/Library/Frameworks/ApplicationServices.framework/Versions/A/Frameworks/LangAnalysis.framework/Versions/A/LangAnalysis
0x00000000091cc000 	/System/Library/Frameworks/ApplicationServices.framework/Versions/A/Frameworks/PrintCore.framework/Versions/A/PrintCore
0x00000000091cc000 	/System/Library/Frameworks/ApplicationServices.framework/Versions/A/Frameworks/QD.framework/Versions/A/QD
0x00000000091cc000 	/System/Library/Frameworks/ApplicationServices.framework/Versions/A/Frameworks/SpeechSynthesis.framework/Versions/A/SpeechSynthesis
0x00000000091cc000 	/System/Library/Frameworks/Accelerate.framework/Versions/A/Accelerate
0x00000000091cc000 	/System/Library/Frameworks/Accelerate.framework/Versions/A/Frameworks/vImage.framework/Versions/A/vImage
0x00000000091cc000 	/System/Library/Frameworks/Accelerate.framework/Versions/A/Frameworks/vecLib.framework/Versions/A/vecLib
0x00000000091cc000 	/System/Library/Frameworks/Accelerate.framework/Versions/A/Frameworks/vecLib.framework/Versions/A/libvDSP.dylib
0x00000000091cc000 	/System/Library/Frameworks/Accelerate.framework/Versions/A/Frameworks/vecLib.framework/Versions/A/libvMisc.dylib
0x00000000091cc000 	/System/Library/Frameworks/Accelerate.framework/Versions/A/Frameworks/vecLib.framework/Versions/A/libLAPACK.dylib
0x00000000091cc000 	/System/Library/Frameworks/Accelerate.framework/Versions/A/Frameworks/vecLib.framework/Versions/A/libBLAS.dylib
0x00000000091cc000 	/System/Library/Frameworks/Accelerate.framework/Versions/A/Frameworks/vecLib.framework/Versions/A/libLinearAlgebra.dylib
0x00000000091cc000 	/System/Library/Frameworks/ApplicationServices.framework/Versions/A/Frameworks/ATS.framework/Versions/A/Resources/libFontParser.dylib
0x00000000091cc000 	/System/Library/Frameworks/ApplicationServices.framework/Versions/A/Frameworks/ATS.framework/Versions/A/Resources/libFontRegistry.dylib
0x00000000091cc000 	/System/Library/PrivateFrameworks/AppleVPA.framework/Versions/A/AppleVPA
0x00000000091cc000 	/System/Library/PrivateFrameworks/AppleJPEG.framework/Versions/A/AppleJPEG
0x00000000091cc000 	/System/Library/Frameworks/ImageIO.framework/Versions/A/Resources/libJPEG.dylib
0x00000000091cc000 	/System/Library/Frameworks/ImageIO.framework/Versions/A/Resources/libTIFF.dylib
0x00000000091cc000 	/System/Library/Frameworks/ImageIO.framework/Versions/A/Resources/libPng.dylib
0x00000000091cc000 	/System/Library/Frameworks/ImageIO.framework/Versions/A/Resources/libGIF.dylib
0x00000000091cc000 	/System/Library/Frameworks/ImageIO.framework/Versions/A/Resources/libJP2.dylib
0x00000000091cc000 	/System/Library/Frameworks/ImageIO.framework/Versions/A/Resources/libRadiance.dylib
0x00000000091cc000 	/System/Library/Frameworks/CoreVideo.framework/Versions/A/CoreVideo
0x00000000091cc000 	/System/Library/Frameworks/OpenGL.framework/Versions/A/Libraries/libGLU.dylib
0x00000000091cc000 	/System/Library/Frameworks/OpenGL.framework/Versions/A/Libraries/libGFXShared.dylib
0x00000000091cc000 	/System/Library/Frameworks/OpenGL.framework/Versions/A/Libraries/libGL.dylib
0x00000000091cc000 	/System/Library/Frameworks/OpenGL.framework/Versions/A/Libraries/libGLImage.dylib
0x00000000091cc000 	/System/Library/Frameworks/OpenGL.framework/Versions/A/Libraries/libCVMSPluginSupport.dylib
0x00000000091cc000 	/System/Library/Frameworks/OpenGL.framework/Versions/A/Libraries/libCoreVMClient.dylib
0x00000000091cc000 	/usr/lib/libcups.2.dylib
0x00000000091cc000 	/System/Library/Frameworks/Kerberos.framework/Versions/A/Kerberos
0x00000000091cc000 	/System/Library/Frameworks/GSS.framework/Versions/A/GSS
0x00000000091cc000 	/usr/lib/libresolv.9.dylib
0x00000000091cc000 	/usr/lib/libiconv.2.dylib
0x00000000091cc000 	/System/Library/PrivateFrameworks/Heimdal.framework/Versions/A/Heimdal
0x00000000091cc000 	/usr/lib/libheimdal-asn1.dylib
0x00000000091cc000 	/System/Library/Frameworks/OpenDirectory.framework/Versions/A/OpenDirectory
0x00000000091cc000 	/System/Library/PrivateFrameworks/CommonAuth.framework/Versions/A/CommonAuth
0x00000000091cc000 	/System/Library/Frameworks/OpenDirectory.framework/Versions/A/Frameworks/CFOpenDirectory.framework/Versions/A/CFOpenDirectory
0x00000000091cc000 	/System/Library/Frameworks/SecurityFoundation.framework/Versions/A/SecurityFoundation
0x00000000091cc000 	/System/Library/PrivateFrameworks/LanguageModeling.framework/Versions/A/LanguageModeling
0x00000000091cc000 	/usr/lib/libcmph.dylib
0x00000000091cc000 	/System/Library/Frameworks/ServiceManagement.framework/Versions/A/ServiceManagement
0x00000000091cc000 	/usr/lib/libxslt.1.dylib
0x00000000091cc000 	/System/Library/Frameworks/Carbon.framework/Versions/A/Frameworks/Ink.framework/Versions/A/Ink
0x00000000091cc000 	/System/Library/Frameworks/QuartzCore.framework/Versions/A/Frameworks/CoreImage.framework/Versions/A/CoreImage
0x00000000091cc000 	/System/Library/PrivateFrameworks/CrashReporterSupport.framework/Versions/A/CrashReporterSupport
0x00000000091cc000 	/System/Library/Frameworks/OpenCL.framework/Versions/A/OpenCL
0x00000000091cc000 	/System/Library/PrivateFrameworks/FaceCore.framework/Versions/A/FaceCore
0x00000000091cc000 	/System/Library/PrivateFrameworks/Ubiquity.framework/Versions/A/Ubiquity
0x00000000091cc000 	/System/Library/PrivateFrameworks/IconServices.framework/Versions/A/IconServices
0x00000000091cc000 	/System/Library/PrivateFrameworks/ChunkingLibrary.framework/Versions/A/ChunkingLibrary
0x00000000091cc000 	/System/Library/PrivateFrameworks/Apple80211.framework/Versions/A/Apple80211
0x00000000091cc000 	/System/Library/Frameworks/CoreWLAN.framework/Versions/A/CoreWLAN
0x00000000091cc000 	/System/Library/Frameworks/IOBluetooth.framework/Versions/A/IOBluetooth
0x00000000091cc000 	/System/Library/PrivateFrameworks/CoreWiFi.framework/Versions/A/CoreWiFi
0x00000000091cc000 	/System/Library/Frameworks/CoreBluetooth.framework/Versions/A/CoreBluetooth
0x00000000091cc000 	/System/Library/PrivateFrameworks/DebugSymbols.framework/Versions/A/DebugSymbols
0x00000000091cc000 	/System/Library/PrivateFrameworks/CoreSymbolication.framework/Versions/A/CoreSymbolication
0x00000000091cc000 	/System/Library/PrivateFrameworks/Symbolication.framework/Versions/A/Symbolication
0x00000000091cc000 	/System/Library/PrivateFrameworks/SpeechRecognitionCore.framework/Versions/A/SpeechRecognitionCore
0x000000010a200000 	/Library/Java/JavaVirtualMachines/jdk1.7.0_75.jdk/Contents/Home/jre/lib/server/libjvm.dylib
0x00000000091cc000 	/usr/lib/libstdc++.6.dylib
0x0000000109962000 	/Library/Java/JavaVirtualMachines/jdk1.7.0_75.jdk/Contents/Home/jre/lib/libverify.dylib
0x000000010996f000 	/Library/Java/JavaVirtualMachines/jdk1.7.0_75.jdk/Contents/Home/jre/lib/libjava.dylib
0x00000001099a9000 	/Library/Java/JavaVirtualMachines/jdk1.7.0_75.jdk/Contents/Home/jre/lib/libzip.dylib
0x0000000114588000 	/System/Library/Frameworks/JavaVM.framework/Frameworks/JavaRuntimeSupport.framework/JavaRuntimeSupport
0x00000001145a0000 	/System/Library/Frameworks/JavaVM.framework/Versions/A/Frameworks/JavaNativeFoundation.framework/Versions/A/JavaNativeFoundation
0x00000001145b5000 	/System/Library/Frameworks/JavaVM.framework/Versions/A/JavaVM
0x00000000091cc000 	/System/Library/Frameworks/Carbon.framework/Versions/A/Carbon
0x00000001145c2000 	/System/Library/PrivateFrameworks/JavaLaunching.framework/Versions/A/JavaLaunching
0x00000000091cc000 	/System/Library/Frameworks/Carbon.framework/Versions/A/Frameworks/CommonPanels.framework/Versions/A/CommonPanels
0x00000000091cc000 	/System/Library/Frameworks/Carbon.framework/Versions/A/Frameworks/Help.framework/Versions/A/Help
0x00000000091cc000 	/System/Library/Frameworks/Carbon.framework/Versions/A/Frameworks/ImageCapture.framework/Versions/A/ImageCapture
0x00000000091cc000 	/System/Library/Frameworks/Carbon.framework/Versions/A/Frameworks/OpenScripting.framework/Versions/A/OpenScripting
0x00000000091cc000 	/System/Library/Frameworks/Carbon.framework/Versions/A/Frameworks/Print.framework/Versions/A/Print
0x00000000091cc000 	/System/Library/Frameworks/Carbon.framework/Versions/A/Frameworks/SecurityHI.framework/Versions/A/SecurityHI
0x0000000116448000 	/Library/Java/JavaVirtualMachines/jdk1.7.0_75.jdk/Contents/Home/jre/lib/libnio.dylib
0x0000000116457000 	/Library/Java/JavaVirtualMachines/jdk1.7.0_75.jdk/Contents/Home/jre/lib/./libnet.dylib
0x0000000116626000 	/Library/Java/JavaVirtualMachines/jdk1.7.0_75.jdk/Contents/Home/jre/lib/libawt.dylib
0x0000000117398000 	/Library/Java/JavaVirtualMachines/jdk1.7.0_75.jdk/Contents/Home/jre/lib/./libmlib_image.dylib
0x0000000117464000 	/Library/Java/JavaVirtualMachines/jdk1.7.0_75.jdk/Contents/Home/jre/lib/lwawt/liblwawt.dylib
0x00000001163dc000 	/Library/Java/JavaVirtualMachines/jdk1.7.0_75.jdk/Contents/Home/jre/lib/libosxapp.dylib
0x00000000091cc000 	/System/Library/Frameworks/ExceptionHandling.framework/Versions/A/ExceptionHandling
0x00000000091cc000 	/System/Library/PrivateFrameworks/CoreServicesInternal.framework/Versions/A/CoreServicesInternal
0x00000000091cc000 	/System/Library/PrivateFrameworks/CloudDocs.framework/Versions/A/CloudDocs
0x00000000091cc000 	/System/Library/PrivateFrameworks/CoreDuet.framework/Versions/A/CoreDuet
0x00000000091cc000 	/System/Library/Frameworks/CloudKit.framework/Versions/A/CloudKit
0x00000000091cc000 	/System/Library/PrivateFrameworks/ProtocolBuffer.framework/Versions/A/ProtocolBuffer
0x00000000091cc000 	/System/Library/PrivateFrameworks/CoreDuetDaemonProtocol.framework/Versions/A/CoreDuetDaemonProtocol
0x00000000091cc000 	/System/Library/PrivateFrameworks/CoreDuetDebugLogging.framework/Versions/A/CoreDuetDebugLogging
0x00000000091cc000 	/System/Library/Frameworks/CoreLocation.framework/Versions/A/CoreLocation
0x00000000091cc000 	/System/Library/Frameworks/Accounts.framework/Versions/A/Accounts
0x00000000091cc000 	/System/Library/PrivateFrameworks/ApplePushService.framework/Versions/A/ApplePushService
0x00000000091cc000 	/System/Library/PrivateFrameworks/GeoServices.framework/Versions/A/GeoServices
0x00000000091cc000 	/System/Library/PrivateFrameworks/OAuth.framework/Versions/A/OAuth
0x00000000091cc000 	/System/Library/PrivateFrameworks/CoreDaemon.framework/Versions/B/CoreDaemon
0x00000000091cc000 	/usr/lib/libcrypto.0.9.8.dylib
0x00000000091cc000 	/System/Library/PrivateFrameworks/AppleSRP.framework/Versions/A/AppleSRP
0x00000000091cc000 	/System/Library/PrivateFrameworks/TrustEvaluationAgent.framework/Versions/A/TrustEvaluationAgent
0x00000001187fd000 	/System/Library/Frameworks/CoreGraphics.framework/Versions/A/Resources/libCGCMS.A.dylib
0x000000011960d000 	/System/Library/Frameworks/CoreGraphics.framework/Versions/A/Resources/libRIP.A.dylib
0x00000001198df000 	/System/Library/Frameworks/CoreGraphics.framework/Versions/A/Resources/libCGXType.A.dylib
0x00000000091cc000 	/System/Library/Frameworks/OpenCL.framework/Versions/A/Libraries/libcldcpuengine.dylib
0x00000000091cc000 	/System/Library/PrivateFrameworks/DiskImages.framework/Versions/A/DiskImages
0x00000000091cc000 	/System/Library/Frameworks/DiscRecording.framework/Versions/A/DiscRecording
0x00000000091cc000 	/usr/lib/libcsfde.dylib
0x00000000091cc000 	/usr/lib/libcurl.4.dylib
0x00000000091cc000 	/System/Library/PrivateFrameworks/MediaKit.framework/Versions/A/MediaKit
0x00000000091cc000 	/System/Library/PrivateFrameworks/ProtectedCloudStorage.framework/Versions/A/ProtectedCloudStorage
0x00000000091cc000 	/usr/lib/libCoreStorage.dylib
0x00000000091cc000 	/System/Library/PrivateFrameworks/EFILogin.framework/Versions/A/EFILogin
0x00000000091cc000 	/usr/lib/libutil.dylib
0x00000000091cc000 	/System/Library/PrivateFrameworks/FindMyDevice.framework/Versions/A/FindMyDevice
0x00000000091cc000 	/System/Library/Frameworks/LDAP.framework/Versions/A/LDAP
0x00000000091cc000 	/usr/lib/libsasl2.2.dylib
0x0000000116988000 	cl_kernels
0x000000011a33a000 	/System/Library/Frameworks/OpenCL.framework/Versions/A/Libraries/ImageFormats/unorm8_bgra.dylib
0x00000001178ba000 	cl_kernels
0x00000000091cc000 	/System/Library/PrivateFrameworks/FamilyControls.framework/Versions/A/FamilyControls
0x00000000091cc000 	/System/Library/PrivateFrameworks/CommerceKit.framework/Versions/A/Frameworks/CommerceCore.framework/Versions/A/CommerceCore
0x00000000091cc000 	/System/Library/PrivateFrameworks/SystemAdministration.framework/Versions/A/SystemAdministration
0x00000000091cc000 	/System/Library/PrivateFrameworks/AppContainer.framework/Versions/A/AppContainer
0x00000000091cc000 	/System/Library/PrivateFrameworks/SecCodeWrapper.framework/Versions/A/SecCodeWrapper
0x00000000091cc000 	/System/Library/Frameworks/DirectoryService.framework/Versions/A/DirectoryService
0x00000000091cc000 	/System/Library/PrivateFrameworks/LoginUIKit.framework/Versions/A/Frameworks/LoginUICore.framework/Versions/A/LoginUICore
0x00000000091cc000 	/usr/lib/libodfde.dylib
0x000000011981e000 	/private/var/folders/p3/t2vngfwj55q8lq51rw7rc7yc0000gn/T/jna--1711414736/jna6647727644511005203.tmp
0x000000011b678000 	/usr/local/lib/libtesseract.dylib
0x000000011b9db000 	/usr/local/lib/liblept.4.dylib
0x000000011bb92000 	/usr/local/lib/libpng16.16.dylib
0x000000011bbbe000 	/usr/local/lib/libjpeg.8.dylib
0x000000011bbf1000 	/usr/local/lib/libtiff.5.dylib
0x00000001165a4000 	/Library/Java/JavaVirtualMachines/jdk1.7.0_75.jdk/Contents/Home/jre/lib/libjpeg.dylib

VM Arguments:
jvm_args: -Dfile.encoding=UTF-8 -Duser.country=US -Duser.language=en -Duser.variant 
java_command: cz.kinst.jakub.diploma.offloadableocr.java.Main
Launcher Type: SUN_STANDARD

Environment Variables:
PATH=/usr/bin:/bin:/usr/sbin:/sbin
SHELL=/bin/bash

Signal Handlers:
SIGSEGV: [libjvm.dylib+0x52d20d], sa_mask[0]=0xfffefeff, sa_flags=0x00000043
SIGBUS: [libjvm.dylib+0x52d20d], sa_mask[0]=0xfffefeff, sa_flags=0x00000042
SIGFPE: [libjvm.dylib+0x41ee7a], sa_mask[0]=0xfffefeff, sa_flags=0x00000042
SIGPIPE: [libjvm.dylib+0x41ee7a], sa_mask[0]=0xfffefeff, sa_flags=0x00000042
SIGXFSZ: [libjvm.dylib+0x41ee7a], sa_mask[0]=0xfffefeff, sa_flags=0x00000042
SIGILL: [libjvm.dylib+0x41ee7a], sa_mask[0]=0xfffefeff, sa_flags=0x00000042
SIGUSR1: SIG_DFL, sa_mask[0]=0x00000000, sa_flags=0x00000000
SIGUSR2: [libjvm.dylib+0x41e96c], sa_mask[0]=0x00000004, sa_flags=0x00000042
SIGHUP: [libjvm.dylib+0x41cbfd], sa_mask[0]=0xfffefeff, sa_flags=0x00000042
SIGINT: [libjvm.dylib+0x41cbfd], sa_mask[0]=0xfffefeff, sa_flags=0x00000042
SIGTERM: [libjvm.dylib+0x41cbfd], sa_mask[0]=0xfffefeff, sa_flags=0x00000042
SIGQUIT: [libjvm.dylib+0x41cbfd], sa_mask[0]=0xfffefeff, sa_flags=0x00000042


---------------  S Y S T E M  ---------------

OS:Bsduname:Darwin 14.1.0 Darwin Kernel Version 14.1.0: Mon Dec 22 23:10:38 PST 2014; root:xnu-2782.10.72~2/RELEASE_X86_64 x86_64
rlimit: STACK 8192k, CORE 0k, NPROC 709, NOFILE 10240, AS infinity
load average:2.96 3.29 2.83

CPU:total 4 (2 cores per cpu, 2 threads per core) family 6 model 69 stepping 1, cmov, cx8, fxsr, mmx, sse, sse2, sse3, ssse3, sse4.1, sse4.2, popcnt, avx, avx2, aes, erms, ht, tsc, tscinvbit

Memory: 4k page, physical 8388608k(2097152k free)

/proc/meminfo:


vm_info: Java HotSpot(TM) 64-Bit Server VM (24.75-b04) for bsd-amd64 JRE (1.7.0_75-b13), built on Dec 18 2014 21:48:12 by "java_re" with gcc 4.2.1 (Based on Apple Inc. build 5658) (LLVM build 2336.11.00)

time: Fri Feb 13 10:00:28 2015
elapsed time: 63 seconds

